#
# There is insufficient memory for the Java Runtime Environment to continue.
# Native memory allocation (malloc) failed to allocate 2085136 bytes for Chunk::new
# Possible reasons:
#   The system is out of physical RAM or swap space
#   The process is running with CompressedOops enabled, and the Java Heap may be blocking the growth of the native heap
# Possible solutions:
#   Reduce memory load on the system
#   Increase physical memory or swap space
#   Check if swap backing store is full
#   Decrease Java heap size (-Xmx/-Xms)
#   Decrease number of Java threads
#   Decrease Java thread stack sizes (-Xss)
#   Set larger code cache with -XX:ReservedCodeCacheSize=
#   JVM is running with Unscaled Compressed Oops mode in which the Java heap is
#     placed in the first 4GB address space. The Java Heap base address is the
#     maximum limit for the native heap growth. Please use -XX:HeapBaseMinAddress
#     to set the Java Heap base and to place the Java Heap above 4GB virtual address.
# This output file may be truncated or incomplete.
#
#  Out of Memory Error (arena.cpp:189), pid=23976, tid=9168
#
# JRE version: OpenJDK Runtime Environment (17.0.2+8) (build 17.0.2+8-86)
# Java VM: OpenJDK 64-Bit Server VM (17.0.2+8-86, mixed mode, sharing, tiered, compressed oops, compressed class ptrs, g1 gc, windows-amd64)
# No core dump will be written. Minidumps are not enabled by default on client versions of Windows
#

---------------  S U M M A R Y ------------

Command Line: --add-opens=java.base/java.util=ALL-UNNAMED --add-opens=java.base/java.lang=ALL-UNNAMED --add-opens=java.base/java.lang.invoke=ALL-UNNAMED --add-opens=java.prefs/java.util.prefs=ALL-UNNAMED --add-opens=java.base/java.nio.charset=ALL-UNNAMED --add-opens=java.base/java.net=ALL-UNNAMED --add-opens=java.base/java.util.concurrent.atomic=ALL-UNNAMED -XX:MaxMetaspaceSize=384m -XX:+HeapDumpOnOutOfMemoryError -Xms256m -Xmx512m -Dfile.encoding=x-windows-949 -Duser.country=KR -Duser.language=ko -Duser.variant -javaagent:C:\Users\Ted\.gradle\wrapper\dists\gradle-8.4-bin\1w5dpkrfk8irigvoxmyhowfim\gradle-8.4\lib\agents\gradle-instrumentation-agent-8.4.jar org.gradle.launcher.daemon.bootstrap.GradleDaemon 8.4

Host: Intel(R) Core(TM) i5-1035G7 CPU @ 1.20GHz, 8 cores, 7G,  Windows 11 , 64 bit Build 22621 (10.0.22621.3235)
Time: Fri Mar 15 12:52:33 2024  Windows 11 , 64 bit Build 22621 (10.0.22621.3235) elapsed time: 1258.625196 seconds (0d 0h 20m 58s)

---------------  T H R E A D  ---------------

Current thread (0x000001aad4497000):  JavaThread "C2 CompilerThread0" daemon [_thread_in_native, id=9168, stack(0x00000061b7000000,0x00000061b7100000)]


Current CompileTask:
C2:1258625 13155 %     4       groovy.lang.MetaClassImpl::inheritInterfaceNewMetaMethods @ 100 (195 bytes)

Stack: [0x00000061b7000000,0x00000061b7100000]
Native frames: (J=compiled Java code, j=interpreted, Vv=VM code, C=native code)
V  [jvm.dll+0x670baa]
V  [jvm.dll+0x7cfcb4]
V  [jvm.dll+0x7d145e]
V  [jvm.dll+0x7d1ac3]
V  [jvm.dll+0x242bc5]
V  [jvm.dll+0xaa57b]
V  [jvm.dll+0xaab0c]
V  [jvm.dll+0x35fcb2]
V  [jvm.dll+0x32a331]
V  [jvm.dll+0x3297da]
V  [jvm.dll+0x215c91]
V  [jvm.dll+0x2150b1]
V  [jvm.dll+0x1a1bbd]
V  [jvm.dll+0x224908]
V  [jvm.dll+0x222a6c]
V  [jvm.dll+0x7859bb]
V  [jvm.dll+0x77ff7a]
V  [jvm.dll+0x66fa35]
C  [ucrtbase.dll+0x29363]
C  [KERNEL32.DLL+0x1257d]
C  [ntdll.dll+0x5aa58]


---------------  P R O C E S S  ---------------

Threads class SMR info:
_java_thread_list=0x000001aad51d98b0, length=75, elements={
0x000001aab9bd0990, 0x000001aad4464430, 0x000001aad4464fe0, 0x000001aad447f420,
0x000001aad447fee0, 0x000001aad4480a90, 0x000001aad4481440, 0x000001aad4497000,
0x000001aad4497aa0, 0x000001aad4486f20, 0x000001aad44deac0, 0x000001aad520c9a0,
0x000001aad76e3680, 0x000001aad5cbead0, 0x000001aad6d9c000, 0x000001aad6900f90,
0x000001aad6901460, 0x000001aad68ffc50, 0x000001aad6900120, 0x000001aad6901930,
0x000001aad7488a30, 0x000001aad95698a0, 0x000001aad9569d70, 0x000001aad9568560,
0x000001aad9e9ce60, 0x000001aad9e9e670, 0x000001aad9e9e1a0, 0x000001aad9568f00,
0x000001aad7993550, 0x000001aad7993ef0, 0x000001aad79943c0, 0x000001aadd024060,
0x000001aad68fe440, 0x000001aad68fede0, 0x000001aad6901e00, 0x000001aada0daa10,
0x000001aada0daee0, 0x000001aada0da540, 0x000001aada8fdc10, 0x000001aada8fe0e0,
0x000001aada8fe5b0, 0x000001aada8fea80, 0x000001aada8ff420, 0x000001aada8fef50,
0x000001aad76a0400, 0x000001aad769ff30, 0x000001aad769ebf0, 0x000001aad769dd80,
0x000001aada0db880, 0x000001aada0db3b0, 0x000001aad9568a30, 0x000001aad95693d0,
0x000001aad7993080, 0x000001aad7993a20, 0x000001aad9047950, 0x000001aad9046ae0,
0x000001aad9047e20, 0x000001aad90482f0, 0x000001aad9046fb0, 0x000001aad9047480,
0x000001aad68ff2b0, 0x000001aad68ff780, 0x000001aad69005f0, 0x000001aad6900ac0,
0x000001aad973f610, 0x000001aad973f140, 0x000001aad9741c90, 0x000001aad973ffb0,
0x000001aad9740e20, 0x000001aad97412f0, 0x000001aad9740480, 0x000001aad97417c0,
0x000001aad9742160, 0x000001aad973c6d0, 0x000001aad973d070
}

Java Threads: ( => current thread )
  0x000001aab9bd0990 JavaThread "main" [_thread_blocked, id=21516, stack(0x00000061b6300000,0x00000061b6400000)]
  0x000001aad4464430 JavaThread "Reference Handler" daemon [_thread_blocked, id=20588, stack(0x00000061b6a00000,0x00000061b6b00000)]
  0x000001aad4464fe0 JavaThread "Finalizer" daemon [_thread_blocked, id=3060, stack(0x00000061b6b00000,0x00000061b6c00000)]
  0x000001aad447f420 JavaThread "Signal Dispatcher" daemon [_thread_blocked, id=14076, stack(0x00000061b6c00000,0x00000061b6d00000)]
  0x000001aad447fee0 JavaThread "Attach Listener" daemon [_thread_blocked, id=20884, stack(0x00000061b6d00000,0x00000061b6e00000)]
  0x000001aad4480a90 JavaThread "Service Thread" daemon [_thread_blocked, id=5888, stack(0x00000061b6e00000,0x00000061b6f00000)]
  0x000001aad4481440 JavaThread "Monitor Deflation Thread" daemon [_thread_blocked, id=9180, stack(0x00000061b6f00000,0x00000061b7000000)]
=>0x000001aad4497000 JavaThread "C2 CompilerThread0" daemon [_thread_in_native, id=9168, stack(0x00000061b7000000,0x00000061b7100000)]
  0x000001aad4497aa0 JavaThread "C1 CompilerThread0" daemon [_thread_blocked, id=2544, stack(0x00000061b7100000,0x00000061b7200000)]
  0x000001aad4486f20 JavaThread "Sweeper thread" daemon [_thread_blocked, id=25488, stack(0x00000061b7200000,0x00000061b7300000)]
  0x000001aad44deac0 JavaThread "Common-Cleaner" daemon [_thread_blocked, id=17092, stack(0x00000061b7300000,0x00000061b7400000)]
  0x000001aad520c9a0 JavaThread "Notification Thread" daemon [_thread_blocked, id=10864, stack(0x00000061b7400000,0x00000061b7500000)]
  0x000001aad76e3680 JavaThread "Daemon health stats" [_thread_blocked, id=12740, stack(0x00000061b7c00000,0x00000061b7d00000)]
  0x000001aad5cbead0 JavaThread "Incoming local TCP Connector on port 64190" [_thread_in_native, id=25392, stack(0x00000061b7600000,0x00000061b7700000)]
  0x000001aad6d9c000 JavaThread "Daemon periodic checks" [_thread_blocked, id=6276, stack(0x00000061b7d00000,0x00000061b7e00000)]
  0x000001aad6900f90 JavaThread "Cache worker for journal cache (C:\Users\Ted\.gradle\caches\journal-1)" [_thread_blocked, id=8560, stack(0x00000061b7e00000,0x00000061b7f00000)]
  0x000001aad6901460 JavaThread "File lock request listener" [_thread_in_native, id=19264, stack(0x00000061b8600000,0x00000061b8700000)]
  0x000001aad68ffc50 JavaThread "Cache worker for file hash cache (C:\Users\Ted\.gradle\caches\8.4\fileHashes)" [_thread_blocked, id=7356, stack(0x00000061b8800000,0x00000061b8900000)]
  0x000001aad6900120 JavaThread "File watcher server" daemon [_thread_in_native, id=23584, stack(0x00000061b8700000,0x00000061b8800000)]
  0x000001aad6901930 JavaThread "File watcher consumer" daemon [_thread_blocked, id=13436, stack(0x00000061b8900000,0x00000061b8a00000)]
  0x000001aad7488a30 JavaThread "Cache worker for file content cache (C:\Users\Ted\.gradle\caches\8.4\fileContent)" [_thread_blocked, id=21236, stack(0x00000061b9000000,0x00000061b9100000)]
  0x000001aad95698a0 JavaThread "Cache worker for execution history cache (C:\Users\Ted\.gradle\caches\8.4\executionHistory)" [_thread_blocked, id=8424, stack(0x00000061b9200000,0x00000061b9300000)]
  0x000001aad9569d70 JavaThread "jar transforms" [_thread_blocked, id=5472, stack(0x00000061b9400000,0x00000061b9500000)]
  0x000001aad9568560 JavaThread "jar transforms Thread 2" [_thread_blocked, id=18148, stack(0x00000061b9500000,0x00000061b9600000)]
  0x000001aad9e9ce60 JavaThread "jar transforms Thread 3" [_thread_blocked, id=25996, stack(0x00000061b9600000,0x00000061b9700000)]
  0x000001aad9e9e670 JavaThread "jar transforms Thread 4" [_thread_blocked, id=11904, stack(0x00000061b9700000,0x00000061b9800000)]
  0x000001aad9e9e1a0 JavaThread "jar transforms Thread 5" [_thread_blocked, id=7152, stack(0x00000061b9800000,0x00000061b9900000)]
  0x000001aad9568f00 JavaThread "jar transforms Thread 6" [_thread_blocked, id=26232, stack(0x00000061b9900000,0x00000061b9a00000)]
  0x000001aad7993550 JavaThread "jar transforms Thread 7" [_thread_blocked, id=7752, stack(0x00000061b9300000,0x00000061b9400000)]
  0x000001aad7993ef0 JavaThread "jar transforms Thread 8" [_thread_blocked, id=16148, stack(0x00000061ba400000,0x00000061ba500000)]
  0x000001aad79943c0 JavaThread "Memory manager" [_thread_blocked, id=17760, stack(0x00000061ba500000,0x00000061ba600000)]
  0x000001aadd024060 JavaThread "Daemon Thread 4" [_thread_blocked, id=13672, stack(0x00000061b6000000,0x00000061b6100000)]
  0x000001aad68fe440 JavaThread "Handler for socket connection from /127.0.0.1:64190 to /127.0.0.1:65410" [_thread_in_native, id=8720, stack(0x00000061b6100000,0x00000061b6200000)]
  0x000001aad68fede0 JavaThread "Cancel handler" [_thread_blocked, id=12164, stack(0x00000061b6200000,0x00000061b6300000)]
  0x000001aad6901e00 JavaThread "Daemon worker Thread 4" [_thread_blocked, id=9488, stack(0x00000061b7f00000,0x00000061b8000000)]
  0x000001aada0daa10 JavaThread "Asynchronous log dispatcher for DefaultDaemonConnection: socket connection from /127.0.0.1:64190 to /127.0.0.1:65410" [_thread_blocked, id=25036, stack(0x00000061b8000000,0x00000061b8100000)]
  0x000001aada0daee0 JavaThread "Stdin handler" [_thread_blocked, id=21484, stack(0x00000061b8100000,0x00000061b8200000)]
  0x000001aada0da540 JavaThread "Daemon client event forwarder" [_thread_blocked, id=17708, stack(0x00000061b8200000,0x00000061b8300000)]
  0x000001aada8fdc10 JavaThread "Cache worker for checksums cache (C:\Users\Ted\IdeaProjects\MegaVNC\.gradle\8.4\checksums)" [_thread_blocked, id=21916, stack(0x00000061b8300000,0x00000061b8400000)]
  0x000001aada8fe0e0 JavaThread "Cache worker for file hash cache (C:\Users\Ted\IdeaProjects\MegaVNC\.gradle\8.4\fileHashes)" [_thread_blocked, id=13556, stack(0x00000061b8400000,0x00000061b8500000)]
  0x000001aada8fe5b0 JavaThread "Cache worker for cache directory md-supplier (C:\Users\Ted\.gradle\caches\8.4\md-supplier)" [_thread_blocked, id=21564, stack(0x00000061b8500000,0x00000061b8600000)]
  0x000001aada8fea80 JavaThread "Cache worker for cache directory md-rule (C:\Users\Ted\.gradle\caches\8.4\md-rule)" [_thread_blocked, id=14960, stack(0x00000061b8d00000,0x00000061b8e00000)]
  0x000001aada8ff420 JavaThread "Cache worker for dependencies-accessors (C:\Users\Ted\IdeaProjects\MegaVNC\.gradle\8.4\dependencies-accessors)" [_thread_blocked, id=26568, stack(0x00000061b8e00000,0x00000061b8f00000)]
  0x000001aada8fef50 JavaThread "Cache worker for Build Output Cleanup Cache (C:\Users\Ted\IdeaProjects\MegaVNC\.gradle\buildOutputCleanup)" [_thread_blocked, id=19520, stack(0x00000061b9100000,0x00000061b9200000)]
  0x000001aad76a0400 JavaThread "Unconstrained build operations" [_thread_blocked, id=4876, stack(0x00000061b9a00000,0x00000061b9b00000)]
  0x000001aad769ff30 JavaThread "Unconstrained build operations Thread 2" [_thread_blocked, id=20784, stack(0x00000061b9b00000,0x00000061b9c00000)]
  0x000001aad769ebf0 JavaThread "Unconstrained build operations Thread 3" [_thread_blocked, id=14876, stack(0x00000061b9c00000,0x00000061b9d00000)]
  0x000001aad769dd80 JavaThread "Unconstrained build operations Thread 4" [_thread_blocked, id=3360, stack(0x00000061b9d00000,0x00000061b9e00000)]
  0x000001aada0db880 JavaThread "Unconstrained build operations Thread 5" [_thread_blocked, id=4552, stack(0x00000061b9e00000,0x00000061b9f00000)]
  0x000001aada0db3b0 JavaThread "Unconstrained build operations Thread 6" [_thread_blocked, id=2044, stack(0x00000061b9f00000,0x00000061ba000000)]
  0x000001aad9568a30 JavaThread "Unconstrained build operations Thread 7" [_thread_blocked, id=10332, stack(0x00000061ba000000,0x00000061ba100000)]
  0x000001aad95693d0 JavaThread "included builds" [_thread_in_Java, id=21076, stack(0x00000061ba100000,0x00000061ba200000)]
  0x000001aad7993080 JavaThread "Execution worker" [_thread_blocked, id=2992, stack(0x00000061ba200000,0x00000061ba300000)]
  0x000001aad7993a20 JavaThread "Execution worker Thread 2" [_thread_blocked, id=8540, stack(0x00000061ba300000,0x00000061ba400000)]
  0x000001aad9047950 JavaThread "Execution worker Thread 3" [_thread_blocked, id=1700, stack(0x00000061ba600000,0x00000061ba700000)]
  0x000001aad9046ae0 JavaThread "Execution worker Thread 4" [_thread_blocked, id=8628, stack(0x00000061ba700000,0x00000061ba800000)]
  0x000001aad9047e20 JavaThread "Execution worker Thread 5" [_thread_blocked, id=1924, stack(0x00000061ba800000,0x00000061ba900000)]
  0x000001aad90482f0 JavaThread "Execution worker Thread 6" [_thread_blocked, id=1948, stack(0x00000061ba900000,0x00000061baa00000)]
  0x000001aad9046fb0 JavaThread "Execution worker Thread 7" [_thread_blocked, id=8508, stack(0x00000061baa00000,0x00000061bab00000)]
  0x000001aad9047480 JavaThread "Cache worker for execution history cache (C:\Users\Ted\IdeaProjects\MegaVNC\.gradle\8.4\executionHistory)" [_thread_blocked, id=24376, stack(0x00000061bab00000,0x00000061bac00000)]
  0x000001aad68ff2b0 JavaThread "Unconstrained build operations Thread 8" [_thread_blocked, id=20004, stack(0x00000061bac00000,0x00000061bad00000)]
  0x000001aad68ff780 JavaThread "Unconstrained build operations Thread 9" [_thread_blocked, id=20504, stack(0x00000061bad00000,0x00000061bae00000)]
  0x000001aad69005f0 JavaThread "Unconstrained build operations Thread 10" [_thread_blocked, id=17248, stack(0x00000061bae00000,0x00000061baf00000)]
  0x000001aad6900ac0 JavaThread "Unconstrained build operations Thread 11" [_thread_blocked, id=7668, stack(0x00000061baf00000,0x00000061bb000000)]
  0x000001aad973f610 JavaThread "Unconstrained build operations Thread 12" [_thread_blocked, id=21124, stack(0x00000061bb000000,0x00000061bb100000)]
  0x000001aad973f140 JavaThread "Unconstrained build operations Thread 13" [_thread_blocked, id=21588, stack(0x00000061bb100000,0x00000061bb200000)]
  0x000001aad9741c90 JavaThread "Unconstrained build operations Thread 14" [_thread_blocked, id=5268, stack(0x00000061bb200000,0x00000061bb300000)]
  0x000001aad973ffb0 JavaThread "Unconstrained build operations Thread 15" [_thread_blocked, id=1856, stack(0x00000061bb300000,0x00000061bb400000)]
  0x000001aad9740e20 JavaThread "Unconstrained build operations Thread 16" [_thread_blocked, id=20208, stack(0x00000061bb400000,0x00000061bb500000)]
  0x000001aad97412f0 JavaThread "Unconstrained build operations Thread 17" [_thread_blocked, id=25432, stack(0x00000061bb500000,0x00000061bb600000)]
  0x000001aad9740480 JavaThread "Unconstrained build operations Thread 18" [_thread_blocked, id=744, stack(0x00000061bb600000,0x00000061bb700000)]
  0x000001aad97417c0 JavaThread "Unconstrained build operations Thread 19" [_thread_blocked, id=19576, stack(0x00000061bb700000,0x00000061bb800000)]
  0x000001aad9742160 JavaThread "Unconstrained build operations Thread 20" [_thread_blocked, id=25724, stack(0x00000061bb800000,0x00000061bb900000)]
  0x000001aad973c6d0 JavaThread "Unconstrained build operations Thread 21" [_thread_blocked, id=16512, stack(0x00000061bb900000,0x00000061bba00000)]
  0x000001aad973d070 JavaThread "Unconstrained build operations Thread 22" [_thread_blocked, id=23428, stack(0x00000061bba00000,0x00000061bbb00000)]

Other Threads:
  0x000001aad445b7c0 VMThread "VM Thread" [stack: 0x00000061b6900000,0x00000061b6a00000] [id=24988]
  0x000001aab9bd1800 WatcherThread [stack: 0x00000061b7500000,0x00000061b7600000] [id=2912]
  0x000001aab9bf8940 GCTaskThread "GC Thread#0" [stack: 0x00000061b6400000,0x00000061b6500000] [id=25788]
  0x000001aad63ee0d0 GCTaskThread "GC Thread#1" [stack: 0x00000061b7700000,0x00000061b7800000] [id=18932]
  0x000001aad63ee380 GCTaskThread "GC Thread#2" [stack: 0x00000061b7800000,0x00000061b7900000] [id=19128]
  0x000001aad52eef10 GCTaskThread "GC Thread#3" [stack: 0x00000061b7900000,0x00000061b7a00000] [id=16184]
  0x000001aad52ef1c0 GCTaskThread "GC Thread#4" [stack: 0x00000061b7a00000,0x00000061b7b00000] [id=22904]
  0x000001aad52ef840 GCTaskThread "GC Thread#5" [stack: 0x00000061b7b00000,0x00000061b7c00000] [id=4420]
  0x000001aad7135360 GCTaskThread "GC Thread#6" [stack: 0x00000061b8a00000,0x00000061b8b00000] [id=25580]
  0x000001aad7135610 GCTaskThread "GC Thread#7" [stack: 0x00000061b8b00000,0x00000061b8c00000] [id=11732]
  0x000001aab9bfd880 ConcurrentGCThread "G1 Main Marker" [stack: 0x00000061b6500000,0x00000061b6600000] [id=24860]
  0x000001aab9bffa40 ConcurrentGCThread "G1 Conc#0" [stack: 0x00000061b6600000,0x00000061b6700000] [id=24380]
  0x000001aad71360d0 ConcurrentGCThread "G1 Conc#1" [stack: 0x00000061b8c00000,0x00000061b8d00000] [id=23260]
  0x000001aad43220d0 ConcurrentGCThread "G1 Refine#0" [stack: 0x00000061b6700000,0x00000061b6800000] [id=19868]
  0x000001aada0d6be0 ConcurrentGCThread "G1 Refine#1" [stack: 0x00000061bf700000,0x00000061bf800000] [id=9308]
  0x000001aada0d6340 ConcurrentGCThread "G1 Refine#2" [stack: 0x00000061bf800000,0x00000061bf900000] [id=3412]
  0x000001aad4322af0 ConcurrentGCThread "G1 Service" [stack: 0x00000061b6800000,0x00000061b6900000] [id=25884]

Threads with active compile tasks:
C2 CompilerThread0  1258672 13155 %     4       groovy.lang.MetaClassImpl::inheritInterfaceNewMetaMethods @ 100 (195 bytes)

VM state: not at safepoint (normal execution)

VM Mutex/Monitor currently owned by a thread: None

Heap address: 0x00000000e0000000, size: 512 MB, Compressed Oops mode: 32-bit

CDS archive(s) mapped at: [0x0000000800000000-0x0000000800bc0000-0x0000000800bc0000), size 12320768, SharedBaseAddress: 0x0000000800000000, ArchiveRelocationMode: 0.
Compressed class space mapped at: 0x0000000800c00000-0x0000000814000000, reserved size: 322961408
Narrow klass base: 0x0000000800000000, Narrow klass shift: 0, Narrow klass range: 0x100000000

GC Precious Log:
 CPUs: 8 total, 8 available
 Memory: 7926M
 Large Page Support: Disabled
 NUMA Support: Disabled
 Compressed Oops: Enabled (32-bit)
 Heap Region Size: 1M
 Heap Min Capacity: 256M
 Heap Initial Capacity: 256M
 Heap Max Capacity: 512M
 Pre-touch: Disabled
 Parallel Workers: 8
 Concurrent Workers: 2
 Concurrent Refinement Workers: 8
 Periodic GC: Disabled

Heap:
 garbage-first heap   total 262144K, used 71713K [0x00000000e0000000, 0x0000000100000000)
  region size 1024K, 28 young (28672K), 5 survivors (5120K)
 Metaspace       used 61498K, committed 62080K, reserved 372736K
  class space    used 8192K, committed 8512K, reserved 315392K

Heap Regions: E=young(eden), S=young(survivor), O=old, HS=humongous(starts), HC=humongous(continues), CS=collection set, F=free, OA=open archive, CA=closed archive, TAMS=top-at-mark-start (previous, next)
|   0|0x00000000e0000000, 0x00000000e0100000, 0x00000000e0100000|100%|HS|  |TAMS 0x00000000e0100000, 0x00000000e0000000| Complete 
|   1|0x00000000e0100000, 0x00000000e0200000, 0x00000000e0200000|100%|HC|  |TAMS 0x00000000e0200000, 0x00000000e0100000| Complete 
|   2|0x00000000e0200000, 0x00000000e0300000, 0x00000000e0300000|100%|HC|  |TAMS 0x00000000e0300000, 0x00000000e0200000| Complete 
|   3|0x00000000e0300000, 0x00000000e0400000, 0x00000000e0400000|100%|HC|  |TAMS 0x00000000e0400000, 0x00000000e0300000| Complete 
|   4|0x00000000e0400000, 0x00000000e0500000, 0x00000000e0500000|100%| O|  |TAMS 0x00000000e0500000, 0x00000000e0400000| Untracked 
|   5|0x00000000e0500000, 0x00000000e0600000, 0x00000000e0600000|100%| O|  |TAMS 0x00000000e0600000, 0x00000000e0500000| Untracked 
|   6|0x00000000e0600000, 0x00000000e0700000, 0x00000000e0700000|100%| O|  |TAMS 0x00000000e0700000, 0x00000000e0600000| Untracked 
|   7|0x00000000e0700000, 0x00000000e0800000, 0x00000000e0800000|100%| O|  |TAMS 0x00000000e0800000, 0x00000000e0700000| Untracked 
|   8|0x00000000e0800000, 0x00000000e0900000, 0x00000000e0900000|100%| O|  |TAMS 0x00000000e0900000, 0x00000000e0800000| Untracked 
|   9|0x00000000e0900000, 0x00000000e0a00000, 0x00000000e0a00000|100%| O|  |TAMS 0x00000000e0a00000, 0x00000000e0900000| Untracked 
|  10|0x00000000e0a00000, 0x00000000e0b00000, 0x00000000e0b00000|100%| O|  |TAMS 0x00000000e0b00000, 0x00000000e0a00000| Untracked 
|  11|0x00000000e0b00000, 0x00000000e0c00000, 0x00000000e0c00000|100%| O|  |TAMS 0x00000000e0c00000, 0x00000000e0b00000| Untracked 
|  12|0x00000000e0c00000, 0x00000000e0d00000, 0x00000000e0d00000|100%| O|  |TAMS 0x00000000e0d00000, 0x00000000e0c00000| Untracked 
|  13|0x00000000e0d00000, 0x00000000e0e00000, 0x00000000e0e00000|100%| O|  |TAMS 0x00000000e0e00000, 0x00000000e0d00000| Untracked 
|  14|0x00000000e0e00000, 0x00000000e0f00000, 0x00000000e0f00000|100%| O|  |TAMS 0x00000000e0f00000, 0x00000000e0e00000| Untracked 
|  15|0x00000000e0f00000, 0x00000000e1000000, 0x00000000e1000000|100%| O|  |TAMS 0x00000000e1000000, 0x00000000e0f00000| Untracked 
|  16|0x00000000e1000000, 0x00000000e1100000, 0x00000000e1100000|100%| O|  |TAMS 0x00000000e1100000, 0x00000000e1000000| Untracked 
|  17|0x00000000e1100000, 0x00000000e1200000, 0x00000000e1200000|100%| O|  |TAMS 0x00000000e1200000, 0x00000000e1100000| Untracked 
|  18|0x00000000e1200000, 0x00000000e1300000, 0x00000000e1300000|100%| O|  |TAMS 0x00000000e1300000, 0x00000000e1200000| Untracked 
|  19|0x00000000e1300000, 0x00000000e1400000, 0x00000000e1400000|100%| O|  |TAMS 0x00000000e1400000, 0x00000000e1300000| Untracked 
|  20|0x00000000e1400000, 0x00000000e1500000, 0x00000000e1500000|100%| O|  |TAMS 0x00000000e1500000, 0x00000000e1400000| Untracked 
|  21|0x00000000e1500000, 0x00000000e1600000, 0x00000000e1600000|100%| O|  |TAMS 0x00000000e1600000, 0x00000000e1500000| Untracked 
|  22|0x00000000e1600000, 0x00000000e1700000, 0x00000000e1700000|100%| O|  |TAMS 0x00000000e1700000, 0x00000000e1600000| Untracked 
|  23|0x00000000e1700000, 0x00000000e1800000, 0x00000000e1800000|100%| O|  |TAMS 0x00000000e1800000, 0x00000000e1700000| Untracked 
|  24|0x00000000e1800000, 0x00000000e1900000, 0x00000000e1900000|100%| O|  |TAMS 0x00000000e1900000, 0x00000000e1800000| Untracked 
|  25|0x00000000e1900000, 0x00000000e1a00000, 0x00000000e1a00000|100%| O|  |TAMS 0x00000000e1a00000, 0x00000000e1900000| Untracked 
|  26|0x00000000e1a00000, 0x00000000e1b00000, 0x00000000e1b00000|100%| O|  |TAMS 0x00000000e1b00000, 0x00000000e1a00000| Untracked 
|  27|0x00000000e1b00000, 0x00000000e1c00000, 0x00000000e1c00000|100%| O|  |TAMS 0x00000000e1c00000, 0x00000000e1b00000| Untracked 
|  28|0x00000000e1c00000, 0x00000000e1d00000, 0x00000000e1d00000|100%| O|  |TAMS 0x00000000e1d00000, 0x00000000e1c00000| Untracked 
|  29|0x00000000e1d00000, 0x00000000e1e00000, 0x00000000e1e00000|100%| O|  |TAMS 0x00000000e1e00000, 0x00000000e1d00000| Untracked 
|  30|0x00000000e1e00000, 0x00000000e1f00000, 0x00000000e1f00000|100%| O|  |TAMS 0x00000000e1f00000, 0x00000000e1e00000| Untracked 
|  31|0x00000000e1f00000, 0x00000000e2000000, 0x00000000e2000000|100%| O|  |TAMS 0x00000000e2000000, 0x00000000e1f00000| Untracked 
|  32|0x00000000e2000000, 0x00000000e2100000, 0x00000000e2100000|100%| O|  |TAMS 0x00000000e2100000, 0x00000000e2000000| Untracked 
|  33|0x00000000e2100000, 0x00000000e2200000, 0x00000000e2200000|100%| O|  |TAMS 0x00000000e2200000, 0x00000000e2100000| Untracked 
|  34|0x00000000e2200000, 0x00000000e2300000, 0x00000000e2300000|100%| O|  |TAMS 0x00000000e2300000, 0x00000000e2200000| Untracked 
|  35|0x00000000e2300000, 0x00000000e2400000, 0x00000000e2400000|100%| O|  |TAMS 0x00000000e2400000, 0x00000000e2300000| Untracked 
|  36|0x00000000e2400000, 0x00000000e2500000, 0x00000000e2500000|100%| O|  |TAMS 0x00000000e2500000, 0x00000000e2400000| Complete 
|  37|0x00000000e2500000, 0x00000000e2600000, 0x00000000e2600000|100%| O|  |TAMS 0x00000000e2600000, 0x00000000e2500000| Complete 
|  38|0x00000000e2600000, 0x00000000e2700000, 0x00000000e2700000|100%| O|  |TAMS 0x00000000e2700000, 0x00000000e2600000| Untracked 
|  39|0x00000000e2700000, 0x00000000e2800000, 0x00000000e2800000|100%| O|  |TAMS 0x00000000e2800000, 0x00000000e2700000| Untracked 
|  40|0x00000000e2800000, 0x00000000e2900000, 0x00000000e2900000|100%| O|  |TAMS 0x00000000e2900000, 0x00000000e2800000| Untracked 
|  41|0x00000000e2900000, 0x00000000e2a00000, 0x00000000e2a00000|100%| O|  |TAMS 0x00000000e2a00000, 0x00000000e2900000| Untracked 
|  42|0x00000000e2a00000, 0x00000000e2b00000, 0x00000000e2b00000|100%| O|  |TAMS 0x00000000e2b00000, 0x00000000e2a00000| Untracked 
|  43|0x00000000e2b00000, 0x00000000e2c00000, 0x00000000e2c00000|100%| O|  |TAMS 0x00000000e2c00000, 0x00000000e2b00000| Untracked 
|  44|0x00000000e2c00000, 0x00000000e2c2d600, 0x00000000e2d00000| 17%| O|  |TAMS 0x00000000e2c2d600, 0x00000000e2c00000| Untracked 
|  45|0x00000000e2d00000, 0x00000000e2d00000, 0x00000000e2e00000|  0%| F|  |TAMS 0x00000000e2d00000, 0x00000000e2d00000| Untracked 
|  46|0x00000000e2e00000, 0x00000000e2e00000, 0x00000000e2f00000|  0%| F|  |TAMS 0x00000000e2e00000, 0x00000000e2e00000| Untracked 
|  47|0x00000000e2f00000, 0x00000000e2f00000, 0x00000000e3000000|  0%| F|  |TAMS 0x00000000e2f00000, 0x00000000e2f00000| Untracked 
|  48|0x00000000e3000000, 0x00000000e3000000, 0x00000000e3100000|  0%| F|  |TAMS 0x00000000e3000000, 0x00000000e3000000| Untracked 
|  49|0x00000000e3100000, 0x00000000e3100000, 0x00000000e3200000|  0%| F|  |TAMS 0x00000000e3100000, 0x00000000e3100000| Untracked 
|  50|0x00000000e3200000, 0x00000000e3200000, 0x00000000e3300000|  0%| F|  |TAMS 0x00000000e3200000, 0x00000000e3200000| Untracked 
|  51|0x00000000e3300000, 0x00000000e3300000, 0x00000000e3400000|  0%| F|  |TAMS 0x00000000e3300000, 0x00000000e3300000| Untracked 
|  52|0x00000000e3400000, 0x00000000e3400000, 0x00000000e3500000|  0%| F|  |TAMS 0x00000000e3400000, 0x00000000e3400000| Untracked 
|  53|0x00000000e3500000, 0x00000000e3500000, 0x00000000e3600000|  0%| F|  |TAMS 0x00000000e3500000, 0x00000000e3500000| Untracked 
|  54|0x00000000e3600000, 0x00000000e3600000, 0x00000000e3700000|  0%| F|  |TAMS 0x00000000e3600000, 0x00000000e3600000| Untracked 
|  55|0x00000000e3700000, 0x00000000e3700000, 0x00000000e3800000|  0%| F|  |TAMS 0x00000000e3700000, 0x00000000e3700000| Untracked 
|  56|0x00000000e3800000, 0x00000000e3800000, 0x00000000e3900000|  0%| F|  |TAMS 0x00000000e3800000, 0x00000000e3800000| Untracked 
|  57|0x00000000e3900000, 0x00000000e3900000, 0x00000000e3a00000|  0%| F|  |TAMS 0x00000000e3900000, 0x00000000e3900000| Untracked 
|  58|0x00000000e3a00000, 0x00000000e3a00000, 0x00000000e3b00000|  0%| F|  |TAMS 0x00000000e3a00000, 0x00000000e3a00000| Untracked 
|  59|0x00000000e3b00000, 0x00000000e3b00000, 0x00000000e3c00000|  0%| F|  |TAMS 0x00000000e3b00000, 0x00000000e3b00000| Untracked 
|  60|0x00000000e3c00000, 0x00000000e3c00000, 0x00000000e3d00000|  0%| F|  |TAMS 0x00000000e3c00000, 0x00000000e3c00000| Untracked 
|  61|0x00000000e3d00000, 0x00000000e3d00000, 0x00000000e3e00000|  0%| F|  |TAMS 0x00000000e3d00000, 0x00000000e3d00000| Untracked 
|  62|0x00000000e3e00000, 0x00000000e3e00000, 0x00000000e3f00000|  0%| F|  |TAMS 0x00000000e3e00000, 0x00000000e3e00000| Untracked 
|  63|0x00000000e3f00000, 0x00000000e3f00000, 0x00000000e4000000|  0%| F|  |TAMS 0x00000000e3f00000, 0x00000000e3f00000| Untracked 
|  64|0x00000000e4000000, 0x00000000e4000000, 0x00000000e4100000|  0%| F|  |TAMS 0x00000000e4000000, 0x00000000e4000000| Untracked 
|  65|0x00000000e4100000, 0x00000000e4100000, 0x00000000e4200000|  0%| F|  |TAMS 0x00000000e4100000, 0x00000000e4100000| Untracked 
|  66|0x00000000e4200000, 0x00000000e4200000, 0x00000000e4300000|  0%| F|  |TAMS 0x00000000e4200000, 0x00000000e4200000| Untracked 
|  67|0x00000000e4300000, 0x00000000e4300000, 0x00000000e4400000|  0%| F|  |TAMS 0x00000000e4300000, 0x00000000e4300000| Untracked 
|  68|0x00000000e4400000, 0x00000000e4400000, 0x00000000e4500000|  0%| F|  |TAMS 0x00000000e4400000, 0x00000000e4400000| Untracked 
|  69|0x00000000e4500000, 0x00000000e4500000, 0x00000000e4600000|  0%| F|  |TAMS 0x00000000e4500000, 0x00000000e4500000| Untracked 
|  70|0x00000000e4600000, 0x00000000e4600000, 0x00000000e4700000|  0%| F|  |TAMS 0x00000000e4600000, 0x00000000e4600000| Untracked 
|  71|0x00000000e4700000, 0x00000000e4700000, 0x00000000e4800000|  0%| F|  |TAMS 0x00000000e4700000, 0x00000000e4700000| Untracked 
|  72|0x00000000e4800000, 0x00000000e4800000, 0x00000000e4900000|  0%| F|  |TAMS 0x00000000e4800000, 0x00000000e4800000| Untracked 
|  73|0x00000000e4900000, 0x00000000e4900000, 0x00000000e4a00000|  0%| F|  |TAMS 0x00000000e4900000, 0x00000000e4900000| Untracked 
|  74|0x00000000e4a00000, 0x00000000e4a00000, 0x00000000e4b00000|  0%| F|  |TAMS 0x00000000e4a00000, 0x00000000e4a00000| Untracked 
|  75|0x00000000e4b00000, 0x00000000e4b00000, 0x00000000e4c00000|  0%| F|  |TAMS 0x00000000e4b00000, 0x00000000e4b00000| Untracked 
|  76|0x00000000e4c00000, 0x00000000e4c00000, 0x00000000e4d00000|  0%| F|  |TAMS 0x00000000e4c00000, 0x00000000e4c00000| Untracked 
|  77|0x00000000e4d00000, 0x00000000e4d00000, 0x00000000e4e00000|  0%| F|  |TAMS 0x00000000e4d00000, 0x00000000e4d00000| Untracked 
|  78|0x00000000e4e00000, 0x00000000e4e00000, 0x00000000e4f00000|  0%| F|  |TAMS 0x00000000e4e00000, 0x00000000e4e00000| Untracked 
|  79|0x00000000e4f00000, 0x00000000e4f00000, 0x00000000e5000000|  0%| F|  |TAMS 0x00000000e4f00000, 0x00000000e4f00000| Untracked 
|  80|0x00000000e5000000, 0x00000000e5000000, 0x00000000e5100000|  0%| F|  |TAMS 0x00000000e5000000, 0x00000000e5000000| Untracked 
|  81|0x00000000e5100000, 0x00000000e5100000, 0x00000000e5200000|  0%| F|  |TAMS 0x00000000e5100000, 0x00000000e5100000| Untracked 
|  82|0x00000000e5200000, 0x00000000e5200000, 0x00000000e5300000|  0%| F|  |TAMS 0x00000000e5200000, 0x00000000e5200000| Untracked 
|  83|0x00000000e5300000, 0x00000000e5300000, 0x00000000e5400000|  0%| F|  |TAMS 0x00000000e5300000, 0x00000000e5300000| Untracked 
|  84|0x00000000e5400000, 0x00000000e5400000, 0x00000000e5500000|  0%| F|  |TAMS 0x00000000e5400000, 0x00000000e5400000| Untracked 
|  85|0x00000000e5500000, 0x00000000e5500000, 0x00000000e5600000|  0%| F|  |TAMS 0x00000000e5500000, 0x00000000e5500000| Untracked 
|  86|0x00000000e5600000, 0x00000000e5600000, 0x00000000e5700000|  0%| F|  |TAMS 0x00000000e5600000, 0x00000000e5600000| Untracked 
|  87|0x00000000e5700000, 0x00000000e5700000, 0x00000000e5800000|  0%| F|  |TAMS 0x00000000e5700000, 0x00000000e5700000| Untracked 
|  88|0x00000000e5800000, 0x00000000e5800000, 0x00000000e5900000|  0%| F|  |TAMS 0x00000000e5800000, 0x00000000e5800000| Untracked 
|  89|0x00000000e5900000, 0x00000000e5900000, 0x00000000e5a00000|  0%| F|  |TAMS 0x00000000e5900000, 0x00000000e5900000| Untracked 
|  90|0x00000000e5a00000, 0x00000000e5a00000, 0x00000000e5b00000|  0%| F|  |TAMS 0x00000000e5a00000, 0x00000000e5a00000| Untracked 
|  91|0x00000000e5b00000, 0x00000000e5b00000, 0x00000000e5c00000|  0%| F|  |TAMS 0x00000000e5b00000, 0x00000000e5b00000| Untracked 
|  92|0x00000000e5c00000, 0x00000000e5c00000, 0x00000000e5d00000|  0%| F|  |TAMS 0x00000000e5c00000, 0x00000000e5c00000| Untracked 
|  93|0x00000000e5d00000, 0x00000000e5d00000, 0x00000000e5e00000|  0%| F|  |TAMS 0x00000000e5d00000, 0x00000000e5d00000| Untracked 
|  94|0x00000000e5e00000, 0x00000000e5e00000, 0x00000000e5f00000|  0%| F|  |TAMS 0x00000000e5e00000, 0x00000000e5e00000| Untracked 
|  95|0x00000000e5f00000, 0x00000000e5f00000, 0x00000000e6000000|  0%| F|  |TAMS 0x00000000e5f00000, 0x00000000e5f00000| Untracked 
|  96|0x00000000e6000000, 0x00000000e6000000, 0x00000000e6100000|  0%| F|  |TAMS 0x00000000e6000000, 0x00000000e6000000| Untracked 
|  97|0x00000000e6100000, 0x00000000e6100000, 0x00000000e6200000|  0%| F|  |TAMS 0x00000000e6100000, 0x00000000e6100000| Untracked 
|  98|0x00000000e6200000, 0x00000000e6200000, 0x00000000e6300000|  0%| F|  |TAMS 0x00000000e6200000, 0x00000000e6200000| Untracked 
|  99|0x00000000e6300000, 0x00000000e6300000, 0x00000000e6400000|  0%| F|  |TAMS 0x00000000e6300000, 0x00000000e6300000| Untracked 
| 100|0x00000000e6400000, 0x00000000e6400000, 0x00000000e6500000|  0%| F|  |TAMS 0x00000000e6400000, 0x00000000e6400000| Untracked 
| 101|0x00000000e6500000, 0x00000000e6500000, 0x00000000e6600000|  0%| F|  |TAMS 0x00000000e6500000, 0x00000000e6500000| Untracked 
| 102|0x00000000e6600000, 0x00000000e6600000, 0x00000000e6700000|  0%| F|  |TAMS 0x00000000e6600000, 0x00000000e6600000| Untracked 
| 103|0x00000000e6700000, 0x00000000e6700000, 0x00000000e6800000|  0%| F|  |TAMS 0x00000000e6700000, 0x00000000e6700000| Untracked 
| 104|0x00000000e6800000, 0x00000000e6800000, 0x00000000e6900000|  0%| F|  |TAMS 0x00000000e6800000, 0x00000000e6800000| Untracked 
| 105|0x00000000e6900000, 0x00000000e6900000, 0x00000000e6a00000|  0%| F|  |TAMS 0x00000000e6900000, 0x00000000e6900000| Untracked 
| 106|0x00000000e6a00000, 0x00000000e6a00000, 0x00000000e6b00000|  0%| F|  |TAMS 0x00000000e6a00000, 0x00000000e6a00000| Untracked 
| 107|0x00000000e6b00000, 0x00000000e6b00000, 0x00000000e6c00000|  0%| F|  |TAMS 0x00000000e6b00000, 0x00000000e6b00000| Untracked 
| 108|0x00000000e6c00000, 0x00000000e6c00000, 0x00000000e6d00000|  0%| F|  |TAMS 0x00000000e6c00000, 0x00000000e6c00000| Untracked 
| 109|0x00000000e6d00000, 0x00000000e6d00000, 0x00000000e6e00000|  0%| F|  |TAMS 0x00000000e6d00000, 0x00000000e6d00000| Untracked 
| 110|0x00000000e6e00000, 0x00000000e6e00000, 0x00000000e6f00000|  0%| F|  |TAMS 0x00000000e6e00000, 0x00000000e6e00000| Untracked 
| 111|0x00000000e6f00000, 0x00000000e6f00000, 0x00000000e7000000|  0%| F|  |TAMS 0x00000000e6f00000, 0x00000000e6f00000| Untracked 
| 112|0x00000000e7000000, 0x00000000e7000000, 0x00000000e7100000|  0%| F|  |TAMS 0x00000000e7000000, 0x00000000e7000000| Untracked 
| 113|0x00000000e7100000, 0x00000000e7100000, 0x00000000e7200000|  0%| F|  |TAMS 0x00000000e7100000, 0x00000000e7100000| Untracked 
| 114|0x00000000e7200000, 0x00000000e7200000, 0x00000000e7300000|  0%| F|  |TAMS 0x00000000e7200000, 0x00000000e7200000| Untracked 
| 115|0x00000000e7300000, 0x00000000e7300000, 0x00000000e7400000|  0%| F|  |TAMS 0x00000000e7300000, 0x00000000e7300000| Untracked 
| 116|0x00000000e7400000, 0x00000000e7400000, 0x00000000e7500000|  0%| F|  |TAMS 0x00000000e7400000, 0x00000000e7400000| Untracked 
| 117|0x00000000e7500000, 0x00000000e7500000, 0x00000000e7600000|  0%| F|  |TAMS 0x00000000e7500000, 0x00000000e7500000| Untracked 
| 118|0x00000000e7600000, 0x00000000e7600000, 0x00000000e7700000|  0%| F|  |TAMS 0x00000000e7600000, 0x00000000e7600000| Untracked 
| 119|0x00000000e7700000, 0x00000000e7700000, 0x00000000e7800000|  0%| F|  |TAMS 0x00000000e7700000, 0x00000000e7700000| Untracked 
| 120|0x00000000e7800000, 0x00000000e7800000, 0x00000000e7900000|  0%| F|  |TAMS 0x00000000e7800000, 0x00000000e7800000| Untracked 
| 121|0x00000000e7900000, 0x00000000e7900000, 0x00000000e7a00000|  0%| F|  |TAMS 0x00000000e7900000, 0x00000000e7900000| Untracked 
| 122|0x00000000e7a00000, 0x00000000e7a00000, 0x00000000e7b00000|  0%| F|  |TAMS 0x00000000e7a00000, 0x00000000e7a00000| Untracked 
| 123|0x00000000e7b00000, 0x00000000e7b00000, 0x00000000e7c00000|  0%| F|  |TAMS 0x00000000e7b00000, 0x00000000e7b00000| Untracked 
| 124|0x00000000e7c00000, 0x00000000e7c00000, 0x00000000e7d00000|  0%| F|  |TAMS 0x00000000e7c00000, 0x00000000e7c00000| Untracked 
| 125|0x00000000e7d00000, 0x00000000e7d00000, 0x00000000e7e00000|  0%| F|  |TAMS 0x00000000e7d00000, 0x00000000e7d00000| Untracked 
| 126|0x00000000e7e00000, 0x00000000e7e00000, 0x00000000e7f00000|  0%| F|  |TAMS 0x00000000e7e00000, 0x00000000e7e00000| Untracked 
| 127|0x00000000e7f00000, 0x00000000e7f00000, 0x00000000e8000000|  0%| F|  |TAMS 0x00000000e7f00000, 0x00000000e7f00000| Untracked 
| 128|0x00000000e8000000, 0x00000000e8000000, 0x00000000e8100000|  0%| F|  |TAMS 0x00000000e8000000, 0x00000000e8000000| Untracked 
| 129|0x00000000e8100000, 0x00000000e8100000, 0x00000000e8200000|  0%| F|  |TAMS 0x00000000e8100000, 0x00000000e8100000| Untracked 
| 130|0x00000000e8200000, 0x00000000e8200000, 0x00000000e8300000|  0%| F|  |TAMS 0x00000000e8200000, 0x00000000e8200000| Untracked 
| 131|0x00000000e8300000, 0x00000000e8300000, 0x00000000e8400000|  0%| F|  |TAMS 0x00000000e8300000, 0x00000000e8300000| Untracked 
| 132|0x00000000e8400000, 0x00000000e8400000, 0x00000000e8500000|  0%| F|  |TAMS 0x00000000e8400000, 0x00000000e8400000| Untracked 
| 133|0x00000000e8500000, 0x00000000e8500000, 0x00000000e8600000|  0%| F|  |TAMS 0x00000000e8500000, 0x00000000e8500000| Untracked 
| 134|0x00000000e8600000, 0x00000000e8600000, 0x00000000e8700000|  0%| F|  |TAMS 0x00000000e8600000, 0x00000000e8600000| Untracked 
| 135|0x00000000e8700000, 0x00000000e8700000, 0x00000000e8800000|  0%| F|  |TAMS 0x00000000e8700000, 0x00000000e8700000| Untracked 
| 136|0x00000000e8800000, 0x00000000e8800000, 0x00000000e8900000|  0%| F|  |TAMS 0x00000000e8800000, 0x00000000e8800000| Untracked 
| 137|0x00000000e8900000, 0x00000000e8900000, 0x00000000e8a00000|  0%| F|  |TAMS 0x00000000e8900000, 0x00000000e8900000| Untracked 
| 138|0x00000000e8a00000, 0x00000000e8a00000, 0x00000000e8b00000|  0%| F|  |TAMS 0x00000000e8a00000, 0x00000000e8a00000| Untracked 
| 139|0x00000000e8b00000, 0x00000000e8b00000, 0x00000000e8c00000|  0%| F|  |TAMS 0x00000000e8b00000, 0x00000000e8b00000| Untracked 
| 140|0x00000000e8c00000, 0x00000000e8c00000, 0x00000000e8d00000|  0%| F|  |TAMS 0x00000000e8c00000, 0x00000000e8c00000| Untracked 
| 141|0x00000000e8d00000, 0x00000000e8d00000, 0x00000000e8e00000|  0%| F|  |TAMS 0x00000000e8d00000, 0x00000000e8d00000| Untracked 
| 142|0x00000000e8e00000, 0x00000000e8e00000, 0x00000000e8f00000|  0%| F|  |TAMS 0x00000000e8e00000, 0x00000000e8e00000| Untracked 
| 143|0x00000000e8f00000, 0x00000000e8f00000, 0x00000000e9000000|  0%| F|  |TAMS 0x00000000e8f00000, 0x00000000e8f00000| Untracked 
| 144|0x00000000e9000000, 0x00000000e9000000, 0x00000000e9100000|  0%| F|  |TAMS 0x00000000e9000000, 0x00000000e9000000| Untracked 
| 145|0x00000000e9100000, 0x00000000e9100000, 0x00000000e9200000|  0%| F|  |TAMS 0x00000000e9100000, 0x00000000e9100000| Untracked 
| 146|0x00000000e9200000, 0x00000000e9200000, 0x00000000e9300000|  0%| F|  |TAMS 0x00000000e9200000, 0x00000000e9200000| Untracked 
| 147|0x00000000e9300000, 0x00000000e9300000, 0x00000000e9400000|  0%| F|  |TAMS 0x00000000e9300000, 0x00000000e9300000| Untracked 
| 148|0x00000000e9400000, 0x00000000e9400000, 0x00000000e9500000|  0%| F|  |TAMS 0x00000000e9400000, 0x00000000e9400000| Untracked 
| 149|0x00000000e9500000, 0x00000000e9500000, 0x00000000e9600000|  0%| F|  |TAMS 0x00000000e9500000, 0x00000000e9500000| Untracked 
| 150|0x00000000e9600000, 0x00000000e9600000, 0x00000000e9700000|  0%| F|  |TAMS 0x00000000e9600000, 0x00000000e9600000| Untracked 
| 151|0x00000000e9700000, 0x00000000e9700000, 0x00000000e9800000|  0%| F|  |TAMS 0x00000000e9700000, 0x00000000e9700000| Untracked 
| 152|0x00000000e9800000, 0x00000000e9800000, 0x00000000e9900000|  0%| F|  |TAMS 0x00000000e9800000, 0x00000000e9800000| Untracked 
| 153|0x00000000e9900000, 0x00000000e9900000, 0x00000000e9a00000|  0%| F|  |TAMS 0x00000000e9900000, 0x00000000e9900000| Untracked 
| 154|0x00000000e9a00000, 0x00000000e9a00000, 0x00000000e9b00000|  0%| F|  |TAMS 0x00000000e9a00000, 0x00000000e9a00000| Untracked 
| 155|0x00000000e9b00000, 0x00000000e9b00000, 0x00000000e9c00000|  0%| F|  |TAMS 0x00000000e9b00000, 0x00000000e9b00000| Untracked 
| 156|0x00000000e9c00000, 0x00000000e9c00000, 0x00000000e9d00000|  0%| F|  |TAMS 0x00000000e9c00000, 0x00000000e9c00000| Untracked 
| 157|0x00000000e9d00000, 0x00000000e9d00000, 0x00000000e9e00000|  0%| F|  |TAMS 0x00000000e9d00000, 0x00000000e9d00000| Untracked 
| 158|0x00000000e9e00000, 0x00000000e9e00000, 0x00000000e9f00000|  0%| F|  |TAMS 0x00000000e9e00000, 0x00000000e9e00000| Untracked 
| 159|0x00000000e9f00000, 0x00000000e9f00000, 0x00000000ea000000|  0%| F|  |TAMS 0x00000000e9f00000, 0x00000000e9f00000| Untracked 
| 160|0x00000000ea000000, 0x00000000ea000000, 0x00000000ea100000|  0%| F|  |TAMS 0x00000000ea000000, 0x00000000ea000000| Untracked 
| 161|0x00000000ea100000, 0x00000000ea100000, 0x00000000ea200000|  0%| F|  |TAMS 0x00000000ea100000, 0x00000000ea100000| Untracked 
| 162|0x00000000ea200000, 0x00000000ea200000, 0x00000000ea300000|  0%| F|  |TAMS 0x00000000ea200000, 0x00000000ea200000| Untracked 
| 163|0x00000000ea300000, 0x00000000ea300000, 0x00000000ea400000|  0%| F|  |TAMS 0x00000000ea300000, 0x00000000ea300000| Untracked 
| 164|0x00000000ea400000, 0x00000000ea400000, 0x00000000ea500000|  0%| F|  |TAMS 0x00000000ea400000, 0x00000000ea400000| Untracked 
| 165|0x00000000ea500000, 0x00000000ea500000, 0x00000000ea600000|  0%| F|  |TAMS 0x00000000ea500000, 0x00000000ea500000| Untracked 
| 166|0x00000000ea600000, 0x00000000ea600000, 0x00000000ea700000|  0%| F|  |TAMS 0x00000000ea600000, 0x00000000ea600000| Untracked 
| 167|0x00000000ea700000, 0x00000000ea700000, 0x00000000ea800000|  0%| F|  |TAMS 0x00000000ea700000, 0x00000000ea700000| Untracked 
| 168|0x00000000ea800000, 0x00000000ea8daea8, 0x00000000ea900000| 85%| S|CS|TAMS 0x00000000ea800000, 0x00000000ea800000| Complete 
| 169|0x00000000ea900000, 0x00000000eaa00000, 0x00000000eaa00000|100%| S|CS|TAMS 0x00000000ea900000, 0x00000000ea900000| Complete 
| 170|0x00000000eaa00000, 0x00000000eab00000, 0x00000000eab00000|100%| S|CS|TAMS 0x00000000eaa00000, 0x00000000eaa00000| Complete 
| 171|0x00000000eab00000, 0x00000000eac00000, 0x00000000eac00000|100%| S|CS|TAMS 0x00000000eab00000, 0x00000000eab00000| Complete 
| 172|0x00000000eac00000, 0x00000000ead00000, 0x00000000ead00000|100%| S|CS|TAMS 0x00000000eac00000, 0x00000000eac00000| Complete 
| 173|0x00000000ead00000, 0x00000000ead00000, 0x00000000eae00000|  0%| F|  |TAMS 0x00000000ead00000, 0x00000000ead00000| Untracked 
| 174|0x00000000eae00000, 0x00000000eae00000, 0x00000000eaf00000|  0%| F|  |TAMS 0x00000000eae00000, 0x00000000eae00000| Untracked 
| 175|0x00000000eaf00000, 0x00000000eaf00000, 0x00000000eb000000|  0%| F|  |TAMS 0x00000000eaf00000, 0x00000000eaf00000| Untracked 
| 176|0x00000000eb000000, 0x00000000eb000000, 0x00000000eb100000|  0%| F|  |TAMS 0x00000000eb000000, 0x00000000eb000000| Untracked 
| 177|0x00000000eb100000, 0x00000000eb100000, 0x00000000eb200000|  0%| F|  |TAMS 0x00000000eb100000, 0x00000000eb100000| Untracked 
| 178|0x00000000eb200000, 0x00000000eb200000, 0x00000000eb300000|  0%| F|  |TAMS 0x00000000eb200000, 0x00000000eb200000| Untracked 
| 179|0x00000000eb300000, 0x00000000eb300000, 0x00000000eb400000|  0%| F|  |TAMS 0x00000000eb300000, 0x00000000eb300000| Untracked 
| 180|0x00000000eb400000, 0x00000000eb400000, 0x00000000eb500000|  0%| F|  |TAMS 0x00000000eb400000, 0x00000000eb400000| Untracked 
| 181|0x00000000eb500000, 0x00000000eb500000, 0x00000000eb600000|  0%| F|  |TAMS 0x00000000eb500000, 0x00000000eb500000| Untracked 
| 182|0x00000000eb600000, 0x00000000eb600000, 0x00000000eb700000|  0%| F|  |TAMS 0x00000000eb600000, 0x00000000eb600000| Untracked 
| 183|0x00000000eb700000, 0x00000000eb700000, 0x00000000eb800000|  0%| F|  |TAMS 0x00000000eb700000, 0x00000000eb700000| Untracked 
| 184|0x00000000eb800000, 0x00000000eb800000, 0x00000000eb900000|  0%| F|  |TAMS 0x00000000eb800000, 0x00000000eb800000| Untracked 
| 185|0x00000000eb900000, 0x00000000eb900000, 0x00000000eba00000|  0%| F|  |TAMS 0x00000000eb900000, 0x00000000eb900000| Untracked 
| 186|0x00000000eba00000, 0x00000000eba00000, 0x00000000ebb00000|  0%| F|  |TAMS 0x00000000eba00000, 0x00000000eba00000| Untracked 
| 187|0x00000000ebb00000, 0x00000000ebb00000, 0x00000000ebc00000|  0%| F|  |TAMS 0x00000000ebb00000, 0x00000000ebb00000| Untracked 
| 188|0x00000000ebc00000, 0x00000000ebc00000, 0x00000000ebd00000|  0%| F|  |TAMS 0x00000000ebc00000, 0x00000000ebc00000| Untracked 
| 189|0x00000000ebd00000, 0x00000000ebd00000, 0x00000000ebe00000|  0%| F|  |TAMS 0x00000000ebd00000, 0x00000000ebd00000| Untracked 
| 190|0x00000000ebe00000, 0x00000000ebe00000, 0x00000000ebf00000|  0%| F|  |TAMS 0x00000000ebe00000, 0x00000000ebe00000| Untracked 
| 191|0x00000000ebf00000, 0x00000000ebf00000, 0x00000000ec000000|  0%| F|  |TAMS 0x00000000ebf00000, 0x00000000ebf00000| Untracked 
| 192|0x00000000ec000000, 0x00000000ec000000, 0x00000000ec100000|  0%| F|  |TAMS 0x00000000ec000000, 0x00000000ec000000| Untracked 
| 193|0x00000000ec100000, 0x00000000ec100000, 0x00000000ec200000|  0%| F|  |TAMS 0x00000000ec100000, 0x00000000ec100000| Untracked 
| 194|0x00000000ec200000, 0x00000000ec200000, 0x00000000ec300000|  0%| F|  |TAMS 0x00000000ec200000, 0x00000000ec200000| Untracked 
| 195|0x00000000ec300000, 0x00000000ec300000, 0x00000000ec400000|  0%| F|  |TAMS 0x00000000ec300000, 0x00000000ec300000| Untracked 
| 196|0x00000000ec400000, 0x00000000ec400000, 0x00000000ec500000|  0%| F|  |TAMS 0x00000000ec400000, 0x00000000ec400000| Untracked 
| 197|0x00000000ec500000, 0x00000000ec500000, 0x00000000ec600000|  0%| F|  |TAMS 0x00000000ec500000, 0x00000000ec500000| Untracked 
| 198|0x00000000ec600000, 0x00000000ec600000, 0x00000000ec700000|  0%| F|  |TAMS 0x00000000ec600000, 0x00000000ec600000| Untracked 
| 199|0x00000000ec700000, 0x00000000ec700000, 0x00000000ec800000|  0%| F|  |TAMS 0x00000000ec700000, 0x00000000ec700000| Untracked 
| 200|0x00000000ec800000, 0x00000000ec800000, 0x00000000ec900000|  0%| F|  |TAMS 0x00000000ec800000, 0x00000000ec800000| Untracked 
| 201|0x00000000ec900000, 0x00000000ec900000, 0x00000000eca00000|  0%| F|  |TAMS 0x00000000ec900000, 0x00000000ec900000| Untracked 
| 202|0x00000000eca00000, 0x00000000eca00000, 0x00000000ecb00000|  0%| F|  |TAMS 0x00000000eca00000, 0x00000000eca00000| Untracked 
| 203|0x00000000ecb00000, 0x00000000ecb00000, 0x00000000ecc00000|  0%| F|  |TAMS 0x00000000ecb00000, 0x00000000ecb00000| Untracked 
| 204|0x00000000ecc00000, 0x00000000ecc00000, 0x00000000ecd00000|  0%| F|  |TAMS 0x00000000ecc00000, 0x00000000ecc00000| Untracked 
| 205|0x00000000ecd00000, 0x00000000ecd00000, 0x00000000ece00000|  0%| F|  |TAMS 0x00000000ecd00000, 0x00000000ecd00000| Untracked 
| 206|0x00000000ece00000, 0x00000000ece00000, 0x00000000ecf00000|  0%| F|  |TAMS 0x00000000ece00000, 0x00000000ece00000| Untracked 
| 207|0x00000000ecf00000, 0x00000000ecf00000, 0x00000000ed000000|  0%| F|  |TAMS 0x00000000ecf00000, 0x00000000ecf00000| Untracked 
| 208|0x00000000ed000000, 0x00000000ed000000, 0x00000000ed100000|  0%| F|  |TAMS 0x00000000ed000000, 0x00000000ed000000| Untracked 
| 209|0x00000000ed100000, 0x00000000ed100000, 0x00000000ed200000|  0%| F|  |TAMS 0x00000000ed100000, 0x00000000ed100000| Untracked 
| 210|0x00000000ed200000, 0x00000000ed200000, 0x00000000ed300000|  0%| F|  |TAMS 0x00000000ed200000, 0x00000000ed200000| Untracked 
| 211|0x00000000ed300000, 0x00000000ed300000, 0x00000000ed400000|  0%| F|  |TAMS 0x00000000ed300000, 0x00000000ed300000| Untracked 
| 212|0x00000000ed400000, 0x00000000ed400000, 0x00000000ed500000|  0%| F|  |TAMS 0x00000000ed400000, 0x00000000ed400000| Untracked 
| 213|0x00000000ed500000, 0x00000000ed500000, 0x00000000ed600000|  0%| F|  |TAMS 0x00000000ed500000, 0x00000000ed500000| Untracked 
| 214|0x00000000ed600000, 0x00000000ed600000, 0x00000000ed700000|  0%| F|  |TAMS 0x00000000ed600000, 0x00000000ed600000| Untracked 
| 215|0x00000000ed700000, 0x00000000ed700000, 0x00000000ed800000|  0%| F|  |TAMS 0x00000000ed700000, 0x00000000ed700000| Untracked 
| 216|0x00000000ed800000, 0x00000000ed800000, 0x00000000ed900000|  0%| F|  |TAMS 0x00000000ed800000, 0x00000000ed800000| Untracked 
| 217|0x00000000ed900000, 0x00000000ed900000, 0x00000000eda00000|  0%| F|  |TAMS 0x00000000ed900000, 0x00000000ed900000| Untracked 
| 218|0x00000000eda00000, 0x00000000eda00000, 0x00000000edb00000|  0%| F|  |TAMS 0x00000000eda00000, 0x00000000eda00000| Untracked 
| 219|0x00000000edb00000, 0x00000000edb00000, 0x00000000edc00000|  0%| F|  |TAMS 0x00000000edb00000, 0x00000000edb00000| Untracked 
| 220|0x00000000edc00000, 0x00000000edc00000, 0x00000000edd00000|  0%| F|  |TAMS 0x00000000edc00000, 0x00000000edc00000| Untracked 
| 221|0x00000000edd00000, 0x00000000edd00000, 0x00000000ede00000|  0%| F|  |TAMS 0x00000000edd00000, 0x00000000edd00000| Untracked 
| 222|0x00000000ede00000, 0x00000000ede00000, 0x00000000edf00000|  0%| F|  |TAMS 0x00000000ede00000, 0x00000000ede00000| Untracked 
| 223|0x00000000edf00000, 0x00000000edf00000, 0x00000000ee000000|  0%| F|  |TAMS 0x00000000edf00000, 0x00000000edf00000| Untracked 
| 224|0x00000000ee000000, 0x00000000ee000000, 0x00000000ee100000|  0%| F|  |TAMS 0x00000000ee000000, 0x00000000ee000000| Untracked 
| 225|0x00000000ee100000, 0x00000000ee100000, 0x00000000ee200000|  0%| F|  |TAMS 0x00000000ee100000, 0x00000000ee100000| Untracked 
| 226|0x00000000ee200000, 0x00000000ee200000, 0x00000000ee300000|  0%| F|  |TAMS 0x00000000ee200000, 0x00000000ee200000| Untracked 
| 227|0x00000000ee300000, 0x00000000ee300000, 0x00000000ee400000|  0%| F|  |TAMS 0x00000000ee300000, 0x00000000ee300000| Untracked 
| 228|0x00000000ee400000, 0x00000000ee400000, 0x00000000ee500000|  0%| F|  |TAMS 0x00000000ee400000, 0x00000000ee400000| Untracked 
| 229|0x00000000ee500000, 0x00000000ee500000, 0x00000000ee600000|  0%| F|  |TAMS 0x00000000ee500000, 0x00000000ee500000| Untracked 
| 230|0x00000000ee600000, 0x00000000ee600000, 0x00000000ee700000|  0%| F|  |TAMS 0x00000000ee600000, 0x00000000ee600000| Untracked 
| 231|0x00000000ee700000, 0x00000000ee700000, 0x00000000ee800000|  0%| F|  |TAMS 0x00000000ee700000, 0x00000000ee700000| Untracked 
| 232|0x00000000ee800000, 0x00000000ee852f20, 0x00000000ee900000| 32%| E|  |TAMS 0x00000000ee800000, 0x00000000ee800000| Complete 
| 233|0x00000000ee900000, 0x00000000eea00000, 0x00000000eea00000|100%| E|CS|TAMS 0x00000000ee900000, 0x00000000ee900000| Complete 
| 234|0x00000000eea00000, 0x00000000eeb00000, 0x00000000eeb00000|100%| E|CS|TAMS 0x00000000eea00000, 0x00000000eea00000| Complete 
| 235|0x00000000eeb00000, 0x00000000eec00000, 0x00000000eec00000|100%| E|CS|TAMS 0x00000000eeb00000, 0x00000000eeb00000| Complete 
| 236|0x00000000eec00000, 0x00000000eecffe18, 0x00000000eed00000| 99%| E|  |TAMS 0x00000000eec00000, 0x00000000eec00000| Complete 
| 237|0x00000000eed00000, 0x00000000eee00000, 0x00000000eee00000|100%| E|CS|TAMS 0x00000000eed00000, 0x00000000eed00000| Complete 
| 238|0x00000000eee00000, 0x00000000eef00000, 0x00000000eef00000|100%| E|CS|TAMS 0x00000000eee00000, 0x00000000eee00000| Complete 
| 239|0x00000000eef00000, 0x00000000ef000000, 0x00000000ef000000|100%| E|CS|TAMS 0x00000000eef00000, 0x00000000eef00000| Complete 
| 240|0x00000000ef000000, 0x00000000ef100000, 0x00000000ef100000|100%| E|CS|TAMS 0x00000000ef000000, 0x00000000ef000000| Complete 
| 241|0x00000000ef100000, 0x00000000ef200000, 0x00000000ef200000|100%| E|CS|TAMS 0x00000000ef100000, 0x00000000ef100000| Complete 
| 242|0x00000000ef200000, 0x00000000ef300000, 0x00000000ef300000|100%| E|CS|TAMS 0x00000000ef200000, 0x00000000ef200000| Complete 
| 243|0x00000000ef300000, 0x00000000ef400000, 0x00000000ef400000|100%| E|CS|TAMS 0x00000000ef300000, 0x00000000ef300000| Complete 
| 244|0x00000000ef400000, 0x00000000ef500000, 0x00000000ef500000|100%| E|CS|TAMS 0x00000000ef400000, 0x00000000ef400000| Complete 
| 245|0x00000000ef500000, 0x00000000ef600000, 0x00000000ef600000|100%| E|CS|TAMS 0x00000000ef500000, 0x00000000ef500000| Complete 
| 246|0x00000000ef600000, 0x00000000ef700000, 0x00000000ef700000|100%| E|CS|TAMS 0x00000000ef600000, 0x00000000ef600000| Complete 
| 247|0x00000000ef700000, 0x00000000ef800000, 0x00000000ef800000|100%| E|CS|TAMS 0x00000000ef700000, 0x00000000ef700000| Complete 
| 248|0x00000000ef800000, 0x00000000ef900000, 0x00000000ef900000|100%| E|CS|TAMS 0x00000000ef800000, 0x00000000ef800000| Complete 
| 249|0x00000000ef900000, 0x00000000efa00000, 0x00000000efa00000|100%| E|CS|TAMS 0x00000000ef900000, 0x00000000ef900000| Complete 
| 250|0x00000000efa00000, 0x00000000efb00000, 0x00000000efb00000|100%| E|CS|TAMS 0x00000000efa00000, 0x00000000efa00000| Complete 
| 251|0x00000000efb00000, 0x00000000efc00000, 0x00000000efc00000|100%| E|CS|TAMS 0x00000000efb00000, 0x00000000efb00000| Complete 
| 252|0x00000000efc00000, 0x00000000efd00000, 0x00000000efd00000|100%| E|CS|TAMS 0x00000000efc00000, 0x00000000efc00000| Complete 
| 253|0x00000000efd00000, 0x00000000efe00000, 0x00000000efe00000|100%| E|CS|TAMS 0x00000000efd00000, 0x00000000efd00000| Complete 
| 254|0x00000000efe00000, 0x00000000eff00000, 0x00000000eff00000|100%| E|CS|TAMS 0x00000000efe00000, 0x00000000efe00000| Complete 
| 255|0x00000000eff00000, 0x00000000f0000000, 0x00000000f0000000|100%| E|CS|TAMS 0x00000000eff00000, 0x00000000eff00000| Complete 

Card table byte_map: [0x000001aad0840000,0x000001aad0940000] _byte_map_base: 0x000001aad0140000

Marking Bits (Prev, Next): (CMBitMap*) 0x000001aab9bf8f90, (CMBitMap*) 0x000001aab9bf8f50
 Prev Bits: [0x000001aad1240000, 0x000001aad1a40000)
 Next Bits: [0x000001aad0a40000, 0x000001aad1240000)

Polling page: 0x000001aab7bc0000

Metaspace:

Usage:
  Non-class:     52.06 MB used.
      Class:      8.00 MB used.
       Both:     60.06 MB used.

Virtual space:
  Non-class space:       56.00 MB reserved,      52.31 MB ( 93%) committed,  7 nodes.
      Class space:      308.00 MB reserved,       8.31 MB (  3%) committed,  1 nodes.
             Both:      364.00 MB reserved,      60.62 MB ( 17%) committed. 

Chunk freelists:
   Non-Class:  2.85 MB
       Class:  3.77 MB
        Both:  6.62 MB

MaxMetaspaceSize: 384.00 MB
CompressedClassSpaceSize: 308.00 MB
Initial GC threshold: 21.00 MB
Current GC threshold: 100.12 MB
CDS: on
MetaspaceReclaimPolicy: balanced
 - commit_granule_bytes: 65536.
 - commit_granule_words: 8192.
 - virtual_space_node_default_size: 1048576.
 - enlarge_chunks_in_place: 1.
 - new_chunks_are_fully_committed: 0.
 - uncommit_free_chunks: 1.
 - use_allocation_guard: 0.
 - handle_deallocations: 1.


Internal statistics:

num_allocs_failed_limit: 21.
num_arena_births: 854.
num_arena_deaths: 184.
num_vsnodes_births: 8.
num_vsnodes_deaths: 0.
num_space_committed: 970.
num_space_uncommitted: 0.
num_chunks_returned_to_freelist: 231.
num_chunks_taken_from_freelist: 3359.
num_chunk_merges: 68.
num_chunk_splits: 2062.
num_chunks_enlarged: 1271.
num_purges: 2.
num_inconsistent_stats: 0.

CodeHeap 'non-profiled nmethods': size=120000Kb used=7031Kb max_used=7031Kb free=112968Kb
 bounds [0x000001aac8ee0000, 0x000001aac95c0000, 0x000001aad0410000]
CodeHeap 'profiled nmethods': size=120000Kb used=22945Kb max_used=23850Kb free=97055Kb
 bounds [0x000001aac19b0000, 0x000001aac3110000, 0x000001aac8ee0000]
CodeHeap 'non-nmethods': size=5760Kb used=2387Kb max_used=2410Kb free=3372Kb
 bounds [0x000001aac1410000, 0x000001aac1680000, 0x000001aac19b0000]
 total_blobs=12160 nmethods=11267 adapters=804
 compilation: enabled
              stopped_count=0, restarted_count=0
 full_count=0

Compilation events (20 events):
Event: 1258.512 Thread 0x000001aad4497aa0 13180       3       java.util.BitSet::initWords (15 bytes)
Event: 1258.512 Thread 0x000001aad4497aa0 nmethod 13180 0x000001aac1b6d790 code [0x000001aac1b6d940, 0x000001aac1b6dbb8]
Event: 1258.526 Thread 0x000001aad4497aa0 13181       2       java.lang.AbstractStringBuilder::<init> (63 bytes)
Event: 1258.527 Thread 0x000001aad4497aa0 nmethod 13181 0x000001aac1bf1b10 code [0x000001aac1bf1cc0, 0x000001aac1bf1f78]
Event: 1258.527 Thread 0x000001aad4497aa0 13182  s    2       java.util.Hashtable::put (104 bytes)
Event: 1258.527 Thread 0x000001aad4497aa0 nmethod 13182 0x000001aac1bf1210 code [0x000001aac1bf1400, 0x000001aac1bf18d8]
Event: 1258.531 Thread 0x000001aad4497aa0 13183       3       java.net.URI$Parser::checkChars (44 bytes)
Event: 1258.532 Thread 0x000001aad4497aa0 nmethod 13183 0x000001aac2a69410 code [0x000001aac2a69640, 0x000001aac2a69c88]
Event: 1258.548 Thread 0x000001aad4497aa0 13185   !   2       java.util.concurrent.ConcurrentHashMap::replaceNode (437 bytes)
Event: 1258.550 Thread 0x000001aad4497aa0 nmethod 13185 0x000001aac1d43790 code [0x000001aac1d43a40, 0x000001aac1d445b8]
Event: 1258.550 Thread 0x000001aad4497aa0 13186       3       java.io.BufferedInputStream::fill (203 bytes)
Event: 1258.550 Thread 0x000001aad4497aa0 nmethod 13186 0x000001aac1e31710 code [0x000001aac1e31980, 0x000001aac1e325e8]
Event: 1258.552 Thread 0x000001aad4497aa0 13187       2       org.gradle.api.internal.DefaultNamedDomainObjectCollection::findByName (61 bytes)
Event: 1258.552 Thread 0x000001aad4497aa0 nmethod 13187 0x000001aac2a68a90 code [0x000001aac2a68ca0, 0x000001aac2a68fc8]
Event: 1258.561 Thread 0x000001aad4497aa0 13188       3       io.spring.gradle.dependencymanagement.internal.maven.ConfigurationModelResolver::resolveModel (13 bytes)
Event: 1258.562 Thread 0x000001aad4497aa0 nmethod 13188 0x000001aac1bf0c90 code [0x000001aac1bf0e40, 0x000001aac1bf10c8]
Event: 1258.604 Thread 0x000001aad4497aa0 13189       3       org.apache.commons.logging.impl.SLF4JLogFactory::getInstance (88 bytes)
Event: 1258.605 Thread 0x000001aad4497aa0 nmethod 13189 0x000001aac2524710 code [0x000001aac2524980, 0x000001aac2525658]
Event: 1258.613 Thread 0x000001aad4497aa0 13190       3       sun.nio.cs.StreamDecoder::implRead (243 bytes)
Event: 1258.614 Thread 0x000001aad4497aa0 nmethod 13190 0x000001aac1edeb10 code [0x000001aac1ededc0, 0x000001aac1edfc38]

GC Heap History (20 events):
Event: 2.726 GC heap before
{Heap before GC invocations=0 (full 0):
 garbage-first heap   total 262144K, used 26624K [0x00000000e0000000, 0x0000000100000000)
  region size 1024K, 23 young (23552K), 0 survivors (0K)
 Metaspace       used 3061K, committed 3200K, reserved 323584K
  class space    used 393K, committed 448K, reserved 315392K
}
Event: 2.733 GC heap after
{Heap after GC invocations=1 (full 0):
 garbage-first heap   total 262144K, used 10695K [0x00000000e0000000, 0x0000000100000000)
  region size 1024K, 3 young (3072K), 3 survivors (3072K)
 Metaspace       used 3061K, committed 3200K, reserved 323584K
  class space    used 393K, committed 448K, reserved 315392K
}
Event: 3.690 GC heap before
{Heap before GC invocations=1 (full 0):
 garbage-first heap   total 262144K, used 38343K [0x00000000e0000000, 0x0000000100000000)
  region size 1024K, 30 young (30720K), 3 survivors (3072K)
 Metaspace       used 4031K, committed 4160K, reserved 323584K
  class space    used 496K, committed 576K, reserved 315392K
}
Event: 3.695 GC heap after
{Heap after GC invocations=2 (full 0):
 garbage-first heap   total 262144K, used 11387K [0x00000000e0000000, 0x0000000100000000)
  region size 1024K, 1 young (1024K), 1 survivors (1024K)
 Metaspace       used 4031K, committed 4160K, reserved 323584K
  class space    used 496K, committed 576K, reserved 315392K
}
Event: 11.004 GC heap before
{Heap before GC invocations=2 (full 0):
 garbage-first heap   total 262144K, used 127099K [0x00000000e0000000, 0x0000000100000000)
  region size 1024K, 114 young (116736K), 1 survivors (1024K)
 Metaspace       used 21231K, committed 21504K, reserved 339968K
  class space    used 3127K, committed 3264K, reserved 315392K
}
Event: 11.020 GC heap after
{Heap after GC invocations=3 (full 0):
 garbage-first heap   total 262144K, used 22366K [0x00000000e0000000, 0x0000000100000000)
  region size 1024K, 12 young (12288K), 12 survivors (12288K)
 Metaspace       used 21231K, committed 21504K, reserved 339968K
  class space    used 3127K, committed 3264K, reserved 315392K
}
Event: 14.787 GC heap before
{Heap before GC invocations=4 (full 0):
 garbage-first heap   total 262144K, used 138078K [0x00000000e0000000, 0x0000000100000000)
  region size 1024K, 122 young (124928K), 12 survivors (12288K)
 Metaspace       used 35585K, committed 35968K, reserved 348160K
  class space    used 4972K, committed 5184K, reserved 315392K
}
Event: 14.809 GC heap after
{Heap after GC invocations=5 (full 0):
 garbage-first heap   total 262144K, used 31281K [0x00000000e0000000, 0x0000000100000000)
  region size 1024K, 10 young (10240K), 10 survivors (10240K)
 Metaspace       used 35585K, committed 35968K, reserved 348160K
  class space    used 4972K, committed 5184K, reserved 315392K
}
Event: 20.177 GC heap before
{Heap before GC invocations=6 (full 0):
 garbage-first heap   total 262144K, used 163377K [0x00000000e0000000, 0x0000000100000000)
  region size 1024K, 137 young (140288K), 10 survivors (10240K)
 Metaspace       used 46910K, committed 47360K, reserved 356352K
  class space    used 6688K, committed 6912K, reserved 315392K
}
Event: 20.198 GC heap after
{Heap after GC invocations=7 (full 0):
 garbage-first heap   total 262144K, used 39001K [0x00000000e0000000, 0x0000000100000000)
  region size 1024K, 17 young (17408K), 17 survivors (17408K)
 Metaspace       used 46910K, committed 47360K, reserved 356352K
  class space    used 6688K, committed 6912K, reserved 315392K
}
Event: 30.952 GC heap before
{Heap before GC invocations=7 (full 0):
 garbage-first heap   total 262144K, used 177241K [0x00000000e0000000, 0x0000000100000000)
  region size 1024K, 153 young (156672K), 17 survivors (17408K)
 Metaspace       used 51987K, committed 52480K, reserved 364544K
  class space    used 7242K, committed 7488K, reserved 315392K
}
Event: 30.996 GC heap after
{Heap after GC invocations=8 (full 0):
 garbage-first heap   total 262144K, used 46109K [0x00000000e0000000, 0x0000000100000000)
  region size 1024K, 16 young (16384K), 16 survivors (16384K)
 Metaspace       used 51987K, committed 52480K, reserved 364544K
  class space    used 7242K, committed 7488K, reserved 315392K
}
Event: 204.761 GC heap before
{Heap before GC invocations=8 (full 0):
 garbage-first heap   total 262144K, used 185373K [0x00000000e0000000, 0x0000000100000000)
  region size 1024K, 153 young (156672K), 16 survivors (16384K)
 Metaspace       used 54013K, committed 54528K, reserved 364544K
  class space    used 7414K, committed 7680K, reserved 315392K
}
Event: 204.802 GC heap after
{Heap after GC invocations=9 (full 0):
 garbage-first heap   total 262144K, used 52095K [0x00000000e0000000, 0x0000000100000000)
  region size 1024K, 13 young (13312K), 13 survivors (13312K)
 Metaspace       used 54013K, committed 54528K, reserved 364544K
  class space    used 7414K, committed 7680K, reserved 315392K
}
Event: 237.552 GC heap before
{Heap before GC invocations=9 (full 0):
 garbage-first heap   total 262144K, used 194431K [0x00000000e0000000, 0x0000000100000000)
  region size 1024K, 153 young (156672K), 13 survivors (13312K)
 Metaspace       used 54804K, committed 55424K, reserved 364544K
  class space    used 7438K, committed 7744K, reserved 315392K
}
Event: 237.562 GC heap after
{Heap after GC invocations=10 (full 0):
 garbage-first heap   total 262144K, used 50670K [0x00000000e0000000, 0x0000000100000000)
  region size 1024K, 6 young (6144K), 6 survivors (6144K)
 Metaspace       used 54804K, committed 55424K, reserved 364544K
  class space    used 7438K, committed 7744K, reserved 315392K
}
Event: 530.837 GC heap before
{Heap before GC invocations=10 (full 0):
 garbage-first heap   total 262144K, used 200174K [0x00000000e0000000, 0x0000000100000000)
  region size 1024K, 153 young (156672K), 6 survivors (6144K)
 Metaspace       used 55126K, committed 55744K, reserved 364544K
  class space    used 7439K, committed 7744K, reserved 315392K
}
Event: 530.866 GC heap after
{Heap after GC invocations=11 (full 0):
 garbage-first heap   total 262144K, used 53063K [0x00000000e0000000, 0x0000000100000000)
  region size 1024K, 8 young (8192K), 8 survivors (8192K)
 Metaspace       used 55126K, committed 55744K, reserved 364544K
  class space    used 7439K, committed 7744K, reserved 315392K
}
Event: 1256.592 GC heap before
{Heap before GC invocations=11 (full 0):
 garbage-first heap   total 262144K, used 136007K [0x00000000e0000000, 0x0000000100000000)
  region size 1024K, 91 young (93184K), 8 survivors (8192K)
 Metaspace       used 59597K, committed 60160K, reserved 372736K
  class space    used 7956K, committed 8192K, reserved 315392K
}
Event: 1256.642 GC heap after
{Heap after GC invocations=12 (full 0):
 garbage-first heap   total 262144K, used 50209K [0x00000000e0000000, 0x0000000100000000)
  region size 1024K, 5 young (5120K), 5 survivors (5120K)
 Metaspace       used 59597K, committed 60160K, reserved 372736K
  class space    used 7956K, committed 8192K, reserved 315392K
}

Deoptimization events (20 events):
Event: 1258.482 Thread 0x000001aada0da540 DEOPT PACKING pc=0x000001aac92c47d0 sp=0x00000061b82fe430
Event: 1258.482 Thread 0x000001aada0da540 DEOPT UNPACKING pc=0x000001aac1465c23 sp=0x00000061b82fe3b8 mode 2
Event: 1258.483 Thread 0x000001aada0da540 Uncommon trap: trap_request=0xffffffde fr.pc=0x000001aac92c47d0 relative=0x0000000000000990
Event: 1258.483 Thread 0x000001aada0da540 Uncommon trap: reason=class_check action=maybe_recompile pc=0x000001aac92c47d0 method=java.util.concurrent.ConcurrentHashMap.replaceNode(Ljava/lang/Object;Ljava/lang/Object;Ljava/lang/Object;)Ljava/lang/Object; @ 147 c2
Event: 1258.483 Thread 0x000001aada0da540 DEOPT PACKING pc=0x000001aac92c47d0 sp=0x00000061b82fe270
Event: 1258.483 Thread 0x000001aada0da540 DEOPT UNPACKING pc=0x000001aac1465c23 sp=0x00000061b82fe218 mode 2
Event: 1258.484 Thread 0x000001aada0da540 Uncommon trap: trap_request=0xffffffde fr.pc=0x000001aac92c47d0 relative=0x0000000000000990
Event: 1258.484 Thread 0x000001aada0da540 Uncommon trap: reason=class_check action=maybe_recompile pc=0x000001aac92c47d0 method=java.util.concurrent.ConcurrentHashMap.replaceNode(Ljava/lang/Object;Ljava/lang/Object;Ljava/lang/Object;)Ljava/lang/Object; @ 147 c2
Event: 1258.484 Thread 0x000001aada0da540 DEOPT PACKING pc=0x000001aac92c47d0 sp=0x00000061b82fe0e0
Event: 1258.484 Thread 0x000001aada0da540 DEOPT UNPACKING pc=0x000001aac1465c23 sp=0x00000061b82fe068 mode 2
Event: 1258.511 Thread 0x000001aad95693d0 DEOPT PACKING pc=0x000001aac24b9032 sp=0x00000061ba1f8a70
Event: 1258.511 Thread 0x000001aad95693d0 DEOPT UNPACKING pc=0x000001aac1466763 sp=0x00000061ba1f7f80 mode 0
Event: 1258.529 Thread 0x000001aad95693d0 Uncommon trap: trap_request=0xfffffff4 fr.pc=0x000001aac951bf44 relative=0x0000000000005464
Event: 1258.529 Thread 0x000001aad95693d0 Uncommon trap: reason=null_check action=make_not_entrant pc=0x000001aac951bf44 method=org.gradle.api.internal.artifacts.configurations.DefaultConfigurationContainer.findByName(Ljava/lang/String;)Lorg/gradle/api/internal/artifacts/configurations/Configurat
Event: 1258.529 Thread 0x000001aad95693d0 DEOPT PACKING pc=0x000001aac951bf44 sp=0x00000061ba1f90e0
Event: 1258.529 Thread 0x000001aad95693d0 DEOPT UNPACKING pc=0x000001aac1465c23 sp=0x00000061ba1f8f10 mode 2
Event: 1258.583 Thread 0x000001aad95693d0 DEOPT PACKING pc=0x000001aac24b9053 sp=0x00000061ba1f8de0
Event: 1258.583 Thread 0x000001aad95693d0 DEOPT UNPACKING pc=0x000001aac1466763 sp=0x00000061ba1f82f0 mode 0
Event: 1258.598 Thread 0x000001aad95693d0 DEOPT PACKING pc=0x000001aac1b7396b sp=0x00000061ba1f7a30
Event: 1258.598 Thread 0x000001aad95693d0 DEOPT UNPACKING pc=0x000001aac1466763 sp=0x00000061ba1f6ec8 mode 0

Classes unloaded (20 events):
Event: 1256.785 Thread 0x000001aad445b7c0 Unloading class 0x0000000800dd4400 'java/lang/invoke/LambdaForm$BMH+0x0000000800dd4400'
Event: 1256.786 Thread 0x000001aad445b7c0 Unloading class 0x0000000800d08400 'java/lang/invoke/LambdaForm$DMH+0x0000000800d08400'
Event: 1256.786 Thread 0x000001aad445b7c0 Unloading class 0x0000000800d05c00 'java/lang/invoke/LambdaForm$DMH+0x0000000800d05c00'
Event: 1256.786 Thread 0x000001aad445b7c0 Unloading class 0x0000000800d05800 'java/lang/invoke/LambdaForm$MH+0x0000000800d05800'
Event: 1256.786 Thread 0x000001aad445b7c0 Unloading class 0x0000000800d05400 'java/lang/invoke/LambdaForm$MH+0x0000000800d05400'
Event: 1256.786 Thread 0x000001aad445b7c0 Unloading class 0x0000000800d05000 'java/lang/invoke/LambdaForm$MH+0x0000000800d05000'
Event: 1256.786 Thread 0x000001aad445b7c0 Unloading class 0x0000000800d04c00 'java/lang/invoke/LambdaForm$MH+0x0000000800d04c00'
Event: 1256.786 Thread 0x000001aad445b7c0 Unloading class 0x0000000800d04800 'java/lang/invoke/LambdaForm$MH+0x0000000800d04800'
Event: 1256.786 Thread 0x000001aad445b7c0 Unloading class 0x0000000800d04400 'java/lang/invoke/LambdaForm$MH+0x0000000800d04400'
Event: 1256.786 Thread 0x000001aad445b7c0 Unloading class 0x0000000800d04000 'java/lang/invoke/LambdaForm$MH+0x0000000800d04000'
Event: 1256.786 Thread 0x000001aad445b7c0 Unloading class 0x0000000800cde400 'java/lang/invoke/LambdaForm$MH+0x0000000800cde400'
Event: 1256.786 Thread 0x000001aad445b7c0 Unloading class 0x0000000800cddc00 'java/lang/invoke/LambdaForm$MH+0x0000000800cddc00'
Event: 1256.786 Thread 0x000001aad445b7c0 Unloading class 0x0000000800cdd800 'java/lang/invoke/LambdaForm$MH+0x0000000800cdd800'
Event: 1256.786 Thread 0x000001aad445b7c0 Unloading class 0x0000000800cdd400 'java/lang/invoke/LambdaForm$MH+0x0000000800cdd400'
Event: 1256.786 Thread 0x000001aad445b7c0 Unloading class 0x0000000800cdd000 'java/lang/invoke/LambdaForm$MH+0x0000000800cdd000'
Event: 1256.786 Thread 0x000001aad445b7c0 Unloading class 0x0000000800cdc800 'java/lang/invoke/LambdaForm$MH+0x0000000800cdc800'
Event: 1256.786 Thread 0x000001aad445b7c0 Unloading class 0x0000000800c2ac00 'java/lang/invoke/LambdaForm$MH+0x0000000800c2ac00'
Event: 1256.786 Thread 0x000001aad445b7c0 Unloading class 0x0000000800c2a800 'java/lang/invoke/LambdaForm$MH+0x0000000800c2a800'
Event: 1256.786 Thread 0x000001aad445b7c0 Unloading class 0x0000000800c2a000 'java/lang/invoke/LambdaForm$MH+0x0000000800c2a000'
Event: 1256.787 Thread 0x000001aad445b7c0 Unloading class 0x0000000800c28400 'java/lang/invoke/LambdaForm$MH+0x0000000800c28400'

Classes redefined (0 events):
No events

Internal exceptions (20 events):
Event: 1254.594 Thread 0x000001aad6901e00 Exception <a 'sun/nio/fs/WindowsException'{0x00000000ec2b9cb8}> (0x00000000ec2b9cb8) 
thrown [t:\workspace\open\src\hotspot\share\prims\jni.cpp, line 516]
Event: 1254.596 Thread 0x000001aad6901e00 Exception <a 'sun/nio/fs/WindowsException'{0x00000000ec2bb220}> (0x00000000ec2bb220) 
thrown [t:\workspace\open\src\hotspot\share\prims\jni.cpp, line 516]
Event: 1254.596 Thread 0x000001aad6901e00 Exception <a 'sun/nio/fs/WindowsException'{0x00000000ec2bc788}> (0x00000000ec2bc788) 
thrown [t:\workspace\open\src\hotspot\share\prims\jni.cpp, line 516]
Event: 1254.597 Thread 0x000001aad6901e00 Exception <a 'sun/nio/fs/WindowsException'{0x00000000ec2bdf38}> (0x00000000ec2bdf38) 
thrown [t:\workspace\open\src\hotspot\share\prims\jni.cpp, line 516]
Event: 1255.829 Thread 0x000001aad6901e00 Exception <a 'sun/nio/fs/WindowsException'{0x00000000ebfc75c8}> (0x00000000ebfc75c8) 
thrown [t:\workspace\open\src\hotspot\share\prims\jni.cpp, line 516]
Event: 1257.069 Thread 0x000001aad6901e00 Implicit null exception at 0x000001aac8ff5240 to 0x000001aac8ffb09c
Event: 1257.178 Thread 0x000001aad6901e00 Implicit null exception at 0x000001aac92b78af to 0x000001aac92bcf28
Event: 1257.179 Thread 0x000001aad6901e00 Implicit null exception at 0x000001aac90c8bfe to 0x000001aac90c9000
Event: 1258.183 Thread 0x000001aad6901e00 Exception <a 'java/lang/NoSuchMethodError'{0x00000000efa3a068}: 'java.lang.Object java.lang.invoke.DelegatingMethodHandle$Holder.reinvoke_L(java.lang.Object, java.lang.Object, java.lang.Object, java.lang.Object, java.lang.Object, java.lang.Object, java.lang.Object, java.lang.Object, java.lang.Object, java.lang.Object, java.lang.Object, java.lang.Object, java.lang.Object, java.lang.Object, java.lang.Object, java.lang.Object, java.lang.Object, java.lang.Object, java.lang.Object, java.lang.Object, java.lang.O
Event: 1258.210 Thread 0x000001aad6901e00 Implicit null exception at 0x000001aac909f452 to 0x000001aac909f650
Event: 1258.327 Thread 0x000001aad6901e00 Implicit null exception at 0x000001aac91c9133 to 0x000001aac91cd5d8
Event: 1258.391 Thread 0x000001aad6901e00 Exception <a 'java/lang/NoClassDefFoundError'{0x00000000ef6b9c38}: org/jetbrains/kotlin/gradle/plugin/KotlinPluginWrapper> (0x00000000ef6b9c38) 
thrown [t:\workspace\open\src\hotspot\share\oops\constantPool.cpp, line 835]
Event: 1258.391 Thread 0x000001aad6901e00 Exception <a 'java/lang/NoClassDefFoundError'{0x00000000ef6bc280}: org/graalvm/buildtools/gradle/NativeImagePlugin> (0x00000000ef6bc280) 
thrown [t:\workspace\open\src\hotspot\share\oops\constantPool.cpp, line 835]
Event: 1258.402 Thread 0x000001aad6901e00 Implicit null exception at 0x000001aac91c21e4 to 0x000001aac91c229c
Event: 1258.482 Thread 0x000001aada0da540 Exception <a 'java/lang/NoSuchMethodError'{0x00000000ef297820}: static Lorg/gradle/internal/build/event/types/DefaultTaskStartedProgressEvent;.<clinit>()V> (0x00000000ef297820) 
thrown [t:\workspace\open\src\hotspot\share\prims\jni.cpp, line 1107]
Event: 1258.484 Thread 0x000001aada0da540 Exception <a 'java/lang/NoSuchMethodError'{0x00000000ef2aced8}: static Lorg/gradle/internal/build/event/types/DefaultTaskDescriptor;.<clinit>()V> (0x00000000ef2aced8) 
thrown [t:\workspace\open\src\hotspot\share\prims\jni.cpp, line 1107]
Event: 1258.489 Thread 0x000001aad95693d0 Exception <a 'java/lang/NoSuchMethodError'{0x00000000ef2bf4f8}: static Ljava/lang/Object;.<clinit>()V> (0x00000000ef2bf4f8) 
thrown [t:\workspace\open\src\hotspot\share\prims\jni.cpp, line 1107]
Event: 1258.491 Thread 0x000001aada0da540 Exception <a 'java/lang/NoSuchMethodError'{0x00000000ef2e50d0}: static Lorg/gradle/internal/operations/OperationIdentifier;.<clinit>()V> (0x00000000ef2e50d0) 
thrown [t:\workspace\open\src\hotspot\share\prims\jni.cpp, line 1107]
Event: 1258.494 Thread 0x000001aada0da540 Exception <a 'java/lang/NoSuchMethodError'{0x00000000ef2f87e8}: static Lorg/gradle/internal/build/event/types/DefaultBinaryPluginIdentifier;.<clinit>()V> (0x00000000ef2f87e8) 
thrown [t:\workspace\open\src\hotspot\share\prims\jni.cpp, line 1107]
Event: 1258.529 Thread 0x000001aad95693d0 Implicit null exception at 0x000001aac95182a3 to 0x000001aac951bf30

VM Operations (20 events):
Event: 1255.985 Executing VM operation: HandshakeAllThreads
Event: 1255.985 Executing VM operation: HandshakeAllThreads done
Event: 1256.286 Executing VM operation: HandshakeAllThreads
Event: 1256.286 Executing VM operation: HandshakeAllThreads done
Event: 1256.592 Executing VM operation: CollectForMetadataAllocation
Event: 1256.643 Executing VM operation: CollectForMetadataAllocation done
Event: 1256.666 Executing VM operation: CollectForMetadataAllocation
Event: 1256.667 Executing VM operation: CollectForMetadataAllocation done
Event: 1256.697 Executing VM operation: CollectForMetadataAllocation
Event: 1256.697 Executing VM operation: CollectForMetadataAllocation done
Event: 1256.751 Executing VM operation: CollectForMetadataAllocation
Event: 1256.753 Executing VM operation: CollectForMetadataAllocation done
Event: 1256.778 Executing VM operation: CollectForMetadataAllocation
Event: 1256.778 Executing VM operation: CollectForMetadataAllocation done
Event: 1256.780 Executing VM operation: G1Concurrent
Event: 1256.917 Executing VM operation: G1Concurrent done
Event: 1256.935 Executing VM operation: G1Concurrent
Event: 1256.937 Executing VM operation: G1Concurrent done
Event: 1257.938 Executing VM operation: Cleanup
Event: 1257.938 Executing VM operation: Cleanup done

Events (20 events):
Event: 1258.308 Thread 0x000001aad9568a30 Thread added: 0x000001aad9568a30
Event: 1258.464 Thread 0x000001aad95693d0 Thread added: 0x000001aad95693d0
Event: 1258.465 Thread 0x000001aad7993080 Thread added: 0x000001aad7993080
Event: 1258.466 Thread 0x000001aad7993a20 Thread added: 0x000001aad7993a20
Event: 1258.466 Thread 0x000001aad9047950 Thread added: 0x000001aad9047950
Event: 1258.466 Thread 0x000001aad9046ae0 Thread added: 0x000001aad9046ae0
Event: 1258.466 Thread 0x000001aad9047e20 Thread added: 0x000001aad9047e20
Event: 1258.466 Thread 0x000001aad90482f0 Thread added: 0x000001aad90482f0
Event: 1258.466 Thread 0x000001aad9046fb0 Thread added: 0x000001aad9046fb0
Event: 1258.474 Thread 0x000001aad9047480 Thread added: 0x000001aad9047480
Event: 1258.537 Thread 0x000001aad68ff2b0 Thread added: 0x000001aad68ff2b0
Event: 1258.549 Thread 0x000001aad68ff780 Thread added: 0x000001aad68ff780
Event: 1258.558 Thread 0x000001aad69005f0 Thread added: 0x000001aad69005f0
Event: 1258.565 Thread 0x000001aad6900ac0 Thread added: 0x000001aad6900ac0
Event: 1258.572 Thread 0x000001aad973f610 Thread added: 0x000001aad973f610
Event: 1258.579 Thread 0x000001aad973f140 Thread added: 0x000001aad973f140
Event: 1258.589 Thread 0x000001aad9741c90 Thread added: 0x000001aad9741c90
Event: 1258.598 Thread 0x000001aad973ffb0 Thread added: 0x000001aad973ffb0
Event: 1258.609 Thread 0x000001aad9740e20 Thread added: 0x000001aad9740e20
Event: 1258.620 Thread 0x000001aad97412f0 Thread added: 0x000001aad97412f0


Dynamic libraries:
0x00007ff6e16e0000 - 0x00007ff6e16ee000 	C:\Users\Ted\.jdks\jdk-17.0.2\bin\java.exe
0x00007ff80c330000 - 0x00007ff80c546000 	C:\WINDOWS\SYSTEM32\ntdll.dll
0x00007ff80b330000 - 0x00007ff80b3f4000 	C:\WINDOWS\System32\KERNEL32.DLL
0x00007ff809cd0000 - 0x00007ff80a076000 	C:\WINDOWS\System32\KERNELBASE.dll
0x00007ff809a70000 - 0x00007ff809b81000 	C:\WINDOWS\System32\ucrtbase.dll
0x00007fffe75a0000 - 0x00007fffe75ba000 	C:\Users\Ted\.jdks\jdk-17.0.2\bin\VCRUNTIME140.dll
0x00007fffe6fe0000 - 0x00007fffe6ff8000 	C:\Users\Ted\.jdks\jdk-17.0.2\bin\jli.dll
0x00007ff80b990000 - 0x00007ff80bb3d000 	C:\WINDOWS\System32\USER32.dll
0x00007ff809c00000 - 0x00007ff809c26000 	C:\WINDOWS\System32\win32u.dll
0x00007ff80a8a0000 - 0x00007ff80a8c9000 	C:\WINDOWS\System32\GDI32.dll
0x00007fffe4d80000 - 0x00007fffe5013000 	C:\WINDOWS\WinSxS\amd64_microsoft.windows.common-controls_6595b64144ccf1df_6.0.22621.3235_none_270f74e173860f98\COMCTL32.dll
0x00007ff8098a0000 - 0x00007ff8099b8000 	C:\WINDOWS\System32\gdi32full.dll
0x00007ff80bbc0000 - 0x00007ff80bc67000 	C:\WINDOWS\System32\msvcrt.dll
0x00007ff809c30000 - 0x00007ff809cca000 	C:\WINDOWS\System32\msvcp_win.dll
0x00007ff80bc70000 - 0x00007ff80bca1000 	C:\WINDOWS\System32\IMM32.DLL
0x00007ffffb590000 - 0x00007ffffb59c000 	C:\Users\Ted\.jdks\jdk-17.0.2\bin\vcruntime140_1.dll
0x00007fffe2310000 - 0x00007fffe239d000 	C:\Users\Ted\.jdks\jdk-17.0.2\bin\msvcp140.dll
0x00007fff85a30000 - 0x00007fff865f1000 	C:\Users\Ted\.jdks\jdk-17.0.2\bin\server\jvm.dll
0x00007ff80b200000 - 0x00007ff80b2b2000 	C:\WINDOWS\System32\ADVAPI32.dll
0x00007ff80a170000 - 0x00007ff80a218000 	C:\WINDOWS\System32\sechost.dll
0x00007ff809a40000 - 0x00007ff809a68000 	C:\WINDOWS\System32\bcrypt.dll
0x00007ff80a680000 - 0x00007ff80a795000 	C:\WINDOWS\System32\RPCRT4.dll
0x00007ff80a160000 - 0x00007ff80a168000 	C:\WINDOWS\System32\PSAPI.DLL
0x00007ffff1090000 - 0x00007ffff1099000 	C:\WINDOWS\SYSTEM32\WSOCK32.dll
0x00007ff8019a0000 - 0x00007ff8019d4000 	C:\WINDOWS\SYSTEM32\WINMM.dll
0x00007ff8035b0000 - 0x00007ff8035ba000 	C:\WINDOWS\SYSTEM32\VERSION.dll
0x00007ff80b400000 - 0x00007ff80b471000 	C:\WINDOWS\System32\WS2_32.dll
0x00007ff808760000 - 0x00007ff808778000 	C:\WINDOWS\SYSTEM32\kernel.appcore.dll
0x00007ffffa320000 - 0x00007ffffa32a000 	C:\Users\Ted\.jdks\jdk-17.0.2\bin\jimage.dll
0x00007ff806e10000 - 0x00007ff807043000 	C:\WINDOWS\SYSTEM32\DBGHELP.DLL
0x00007ff80be50000 - 0x00007ff80c1d8000 	C:\WINDOWS\System32\combase.dll
0x00007ff80a080000 - 0x00007ff80a157000 	C:\WINDOWS\System32\OLEAUT32.dll
0x00007ff806dd0000 - 0x00007ff806e02000 	C:\WINDOWS\SYSTEM32\dbgcore.DLL
0x00007ff8099c0000 - 0x00007ff809a3a000 	C:\WINDOWS\System32\bcryptPrimitives.dll
0x00007ffffdae0000 - 0x00007ffffdaee000 	C:\Users\Ted\.jdks\jdk-17.0.2\bin\instrument.dll
0x00007fffe44f0000 - 0x00007fffe4515000 	C:\Users\Ted\.jdks\jdk-17.0.2\bin\java.dll
0x00007fffdbdb0000 - 0x00007fffdbe86000 	C:\Users\Ted\.jdks\jdk-17.0.2\bin\jsvml.dll
0x00007ff80a930000 - 0x00007ff80b18d000 	C:\WINDOWS\System32\SHELL32.dll
0x00007ff807590000 - 0x00007ff807e88000 	C:\WINDOWS\SYSTEM32\windows.storage.dll
0x00007ff807450000 - 0x00007ff80758e000 	C:\WINDOWS\SYSTEM32\wintypes.dll
0x00007ff80c1e0000 - 0x00007ff80c2d3000 	C:\WINDOWS\System32\SHCORE.dll
0x00007ff80b190000 - 0x00007ff80b1ee000 	C:\WINDOWS\System32\shlwapi.dll
0x00007ff8095a0000 - 0x00007ff8095c6000 	C:\WINDOWS\SYSTEM32\profapi.dll
0x00007fffe5020000 - 0x00007fffe5038000 	C:\Users\Ted\.jdks\jdk-17.0.2\bin\zip.dll
0x00007fffe65e0000 - 0x00007fffe65f9000 	C:\Users\Ted\.jdks\jdk-17.0.2\bin\net.dll
0x00007ff806b20000 - 0x00007ff806c57000 	C:\WINDOWS\SYSTEM32\WINHTTP.dll
0x00007ff808bd0000 - 0x00007ff808c39000 	C:\WINDOWS\system32\mswsock.dll
0x00007fffe53a0000 - 0x00007fffe53b6000 	C:\Users\Ted\.jdks\jdk-17.0.2\bin\nio.dll
0x00007ffffffc0000 - 0x00007ffffffd0000 	C:\Users\Ted\.jdks\jdk-17.0.2\bin\verify.dll
0x00007fffe4d30000 - 0x00007fffe4d57000 	C:\Users\Ted\.gradle\native\c067742578af261105cb4f569cf0c3c89f3d7b1fecec35dd04571415982c5e48\windows-amd64\native-platform.dll
0x00007fffe3810000 - 0x00007fffe3954000 	C:\Users\Ted\.gradle\native\38dada09dfb8b06ba9b0570ebf7e218e3eb74d4ef43ca46872605cf95ebc2f47\windows-amd64\native-platform-file-events.dll
0x00007ffff9330000 - 0x00007ffff9339000 	C:\Users\Ted\.jdks\jdk-17.0.2\bin\management.dll
0x00007ffff8fe0000 - 0x00007ffff8feb000 	C:\Users\Ted\.jdks\jdk-17.0.2\bin\management_ext.dll
0x00007ff808f20000 - 0x00007ff808f3b000 	C:\WINDOWS\SYSTEM32\CRYPTSP.dll
0x00007ff8086c0000 - 0x00007ff8086f5000 	C:\WINDOWS\system32\rsaenh.dll
0x00007ff808c70000 - 0x00007ff808c9c000 	C:\WINDOWS\SYSTEM32\USERENV.dll
0x00007ff808f00000 - 0x00007ff808f0c000 	C:\WINDOWS\SYSTEM32\CRYPTBASE.dll
0x00007ff808160000 - 0x00007ff80818d000 	C:\WINDOWS\SYSTEM32\IPHLPAPI.DLL
0x00007ff80b1f0000 - 0x00007ff80b1f9000 	C:\WINDOWS\System32\NSI.dll
0x00007ff801630000 - 0x00007ff801649000 	C:\WINDOWS\SYSTEM32\dhcpcsvc6.DLL
0x00007ff801480000 - 0x00007ff80149f000 	C:\WINDOWS\SYSTEM32\dhcpcsvc.DLL
0x00007ff8081d0000 - 0x00007ff8082c9000 	C:\WINDOWS\SYSTEM32\DNSAPI.dll
0x00007ffff8e50000 - 0x00007ffff8e5e000 	C:\Users\Ted\.jdks\jdk-17.0.2\bin\sunmscapi.dll
0x00007ff809730000 - 0x00007ff809896000 	C:\WINDOWS\System32\CRYPT32.dll
0x00007ff809030000 - 0x00007ff80905e000 	C:\WINDOWS\SYSTEM32\ncrypt.dll
0x00007ff808ff0000 - 0x00007ff809027000 	C:\WINDOWS\SYSTEM32\NTASN1.dll
0x00007fffff720000 - 0x00007fffff728000 	C:\WINDOWS\system32\wshunix.dll
0x00007ff801620000 - 0x00007ff80162a000 	C:\Windows\System32\rasadhlp.dll
0x00007ff800760000 - 0x00007ff8007e3000 	C:\WINDOWS\System32\fwpuclnt.dll

dbghelp: loaded successfully - version: 4.0.5 - missing functions: none
symbol engine: initialized successfully - sym options: 0x614 - pdb path: .;C:\Users\Ted\.jdks\jdk-17.0.2\bin;C:\WINDOWS\SYSTEM32;C:\WINDOWS\WinSxS\amd64_microsoft.windows.common-controls_6595b64144ccf1df_6.0.22621.3235_none_270f74e173860f98;C:\Users\Ted\.jdks\jdk-17.0.2\bin\server;C:\Users\Ted\.gradle\native\c067742578af261105cb4f569cf0c3c89f3d7b1fecec35dd04571415982c5e48\windows-amd64;C:\Users\Ted\.gradle\native\38dada09dfb8b06ba9b0570ebf7e218e3eb74d4ef43ca46872605cf95ebc2f47\windows-amd64

VM Arguments:
jvm_args: --add-opens=java.base/java.util=ALL-UNNAMED --add-opens=java.base/java.lang=ALL-UNNAMED --add-opens=java.base/java.lang.invoke=ALL-UNNAMED --add-opens=java.prefs/java.util.prefs=ALL-UNNAMED --add-opens=java.base/java.nio.charset=ALL-UNNAMED --add-opens=java.base/java.net=ALL-UNNAMED --add-opens=java.base/java.util.concurrent.atomic=ALL-UNNAMED -XX:MaxMetaspaceSize=384m -XX:+HeapDumpOnOutOfMemoryError -Xms256m -Xmx512m -Dfile.encoding=x-windows-949 -Duser.country=KR -Duser.language=ko -Duser.variant -javaagent:C:\Users\Ted\.gradle\wrapper\dists\gradle-8.4-bin\1w5dpkrfk8irigvoxmyhowfim\gradle-8.4\lib\agents\gradle-instrumentation-agent-8.4.jar 
java_command: org.gradle.launcher.daemon.bootstrap.GradleDaemon 8.4
java_class_path (initial): C:\Users\Ted\.gradle\wrapper\dists\gradle-8.4-bin\1w5dpkrfk8irigvoxmyhowfim\gradle-8.4\lib\gradle-launcher-8.4.jar
Launcher Type: SUN_STANDARD

[Global flags]
     intx CICompilerCount                          = 4                                         {product} {ergonomic}
   size_t CompressedClassSpaceSize                 = 322961408                                 {product} {ergonomic}
     uint ConcGCThreads                            = 2                                         {product} {ergonomic}
     uint G1ConcRefinementThreads                  = 8                                         {product} {ergonomic}
   size_t G1HeapRegionSize                         = 1048576                                   {product} {ergonomic}
    uintx GCDrainStackTargetSize                   = 64                                        {product} {ergonomic}
     bool HeapDumpOnOutOfMemoryError               = true                                   {manageable} {command line}
   size_t InitialHeapSize                          = 268435456                                 {product} {command line}
   size_t MarkStackSize                            = 4194304                                   {product} {ergonomic}
   size_t MaxHeapSize                              = 536870912                                 {product} {command line}
   size_t MaxMetaspaceSize                         = 402653184                                 {product} {command line}
   size_t MaxNewSize                               = 321912832                                 {product} {ergonomic}
   size_t MinHeapDeltaBytes                        = 1048576                                   {product} {ergonomic}
   size_t MinHeapSize                              = 268435456                                 {product} {command line}
    uintx NonNMethodCodeHeapSize                   = 5839372                                {pd product} {ergonomic}
    uintx NonProfiledCodeHeapSize                  = 122909434                              {pd product} {ergonomic}
    uintx ProfiledCodeHeapSize                     = 122909434                              {pd product} {ergonomic}
    uintx ReservedCodeCacheSize                    = 251658240                              {pd product} {ergonomic}
     bool SegmentedCodeCache                       = true                                      {product} {ergonomic}
   size_t SoftMaxHeapSize                          = 536870912                              {manageable} {ergonomic}
     bool UseCompressedClassPointers               = true                           {product lp64_product} {ergonomic}
     bool UseCompressedOops                        = true                           {product lp64_product} {ergonomic}
     bool UseG1GC                                  = true                                      {product} {ergonomic}
     bool UseLargePagesIndividualAllocation        = false                                  {pd product} {ergonomic}

Logging:
Log output configuration:
 #0: stdout all=warning uptime,level,tags
 #1: stderr all=off uptime,level,tags

Environment Variables:
PATH=C:\WINDOWS\system32;C:\WINDOWS;C:\WINDOWS\System32\Wbem;C:\WINDOWS\System32\WindowsPowerShell\v1.0\;C:\WINDOWS\System32\OpenSSH\;C:\Program Files\Git\cmd;C:\Program Files (x86)\Windows Kits\10\Windows Performance Toolkit\;C:\Program Files\Docker\Docker\resources\bin;C:\Users\Ted\AppData\Local\Programs\Python\Python312\Scripts\;C:\Users\Ted\AppData\Local\Programs\Python\Python312\;C:\Users\Ted\AppData\Local\Microsoft\WindowsApps;C:\Program Files\JetBrains\IntelliJ IDEA 2023.3.4\bin;;C:\Users\Ted\Desktop\flutter\bin;C:\Users\Ted\AppData\Local\Programs\Microsoft VS Code\bin;C:\Users\Ted\.jdks\jdk-17.0.2\bin;
USERNAME=Ted
OS=Windows_NT
PROCESSOR_IDENTIFIER=Intel64 Family 6 Model 126 Stepping 5, GenuineIntel



---------------  S Y S T E M  ---------------

OS:
 Windows 11 , 64 bit Build 22621 (10.0.22621.3235)
OS uptime: 2 days 8:29 hours
Hyper-V role detected

CPU: total 8 (initial active 8) (4 cores per cpu, 2 threads per core) family 6 model 126 stepping 5 microcode 0x86, cx8, cmov, fxsr, ht, mmx, 3dnowpref, sse, sse2, sse3, ssse3, sse4.1, sse4.2, popcnt, lzcnt, tsc, tscinvbit, avx, avx2, aes, erms, clmul, bmi1, bmi2, adx, avx512f, avx512dq, avx512cd, avx512bw, avx512vl, sha, fma, vzeroupper, avx512_vpopcntdq, avx512_vpclmulqdq, avx512_vaes, avx512_vnni, clflush, clflushopt, avx512_vbmi2, avx512_vbmi, hv

Memory: 4k page, system-wide physical 7926M (351M free)
TotalPageFile size 24845M (AvailPageFile size 5M)
current process WorkingSet (physical memory assigned to process): 266M, peak: 389M
current process commit charge ("private bytes"): 510M, peak: 514M

vm_info: OpenJDK 64-Bit Server VM (17.0.2+8-86) for windows-amd64 JRE (17.0.2+8-86), built on Dec  7 2021 21:49:10 by "mach5one" with MS VC++ 16.8 / 16.9 (VS2019)

END.
